Using pre-set license
Built from '2021.2/staging' branch; Version is '2021.2.8f1 (d0e5f0a7b06a) revision 13690352'; Using compiler version '192829333'; Build Type 'Release'
OS: 'Windows 10  (10.0.18363) 64bit Professional' Language: 'fr' Physical Memory: 16302 MB
BatchMode: 1, IsHumanControllingUs: 0, StartBugReporterOnCrash: 0, Is64bit: 1, IsPro: 0

COMMAND LINE ARGUMENTS:
C:\Program Files\Unity\Hub\Editor\2021.2.8f1\Editor\Unity.exe
-adb2
-batchMode
-noUpm
-name
AssetImportWorker2
-projectPath
D:/Fall-in-Unknown/Fall in Unknown
-logFile
Logs/AssetImportWorker2.log
-srvPort
62175
Successfully changed project path to: D:/Fall-in-Unknown/Fall in Unknown
D:/Fall-in-Unknown/Fall in Unknown
[UnityMemory] Configuration Parameters - Can be set up in boot.config
    "memorysetup-bucket-allocator-granularity=16"
    "memorysetup-bucket-allocator-bucket-count=8"
    "memorysetup-bucket-allocator-block-size=33554432"
    "memorysetup-bucket-allocator-block-count=8"
    "memorysetup-main-allocator-block-size=16777216"
    "memorysetup-thread-allocator-block-size=16777216"
    "memorysetup-gfx-main-allocator-block-size=16777216"
    "memorysetup-gfx-thread-allocator-block-size=16777216"
    "memorysetup-cache-allocator-block-size=4194304"
    "memorysetup-typetree-allocator-block-size=2097152"
    "memorysetup-profiler-bucket-allocator-granularity=16"
    "memorysetup-profiler-bucket-allocator-bucket-count=8"
    "memorysetup-profiler-bucket-allocator-block-size=33554432"
    "memorysetup-profiler-bucket-allocator-block-count=8"
    "memorysetup-profiler-allocator-block-size=16777216"
    "memorysetup-profiler-editor-allocator-block-size=1048576"
    "memorysetup-temp-allocator-size-main=16777216"
    "memorysetup-job-temp-allocator-block-size=2097152"
    "memorysetup-job-temp-allocator-block-size-background=1048576"
    "memorysetup-job-temp-allocator-reduction-small-platforms=262144"
    "memorysetup-temp-allocator-size-background-worker=32768"
    "memorysetup-temp-allocator-size-job-worker=262144"
    "memorysetup-temp-allocator-size-preload-manager=33554432"
    "memorysetup-temp-allocator-size-nav-mesh-worker=65536"
    "memorysetup-temp-allocator-size-audio-worker=65536"
    "memorysetup-temp-allocator-size-cloud-worker=32768"
    "memorysetup-temp-allocator-size-gi-baking-worker=262144"
    "memorysetup-temp-allocator-size-gfx=262144"
Refreshing native plugins compatible for Editor in 136.79 ms, found 4 plugins.
Preloading 0 native plugins for Editor in 0.00 ms.
Initialize engine version: 2021.2.8f1 (d0e5f0a7b06a)
[Subsystems] Discovering subsystems at path C:/Program Files/Unity/Hub/Editor/2021.2.8f1/Editor/Data/Resources/UnitySubsystems
[Subsystems] Discovering subsystems at path D:/Fall-in-Unknown/Fall in Unknown/Assets
GfxDevice: creating device client; threaded=0; jobified=0
Direct3D:
    Version:  Direct3D 11.0 [level 11.1]
    Renderer: NVIDIA GeForce GTX 1070 (ID=0x1b81)
    Vendor:   NVIDIA
    VRAM:     8088 MB
    Driver:   26.21.14.4166
Initialize mono
Mono path[0] = 'C:/Program Files/Unity/Hub/Editor/2021.2.8f1/Editor/Data/Managed'
Mono path[1] = 'C:/Program Files/Unity/Hub/Editor/2021.2.8f1/Editor/Data/MonoBleedingEdge/lib/mono/unityjit-win32'
Mono config path = 'C:/Program Files/Unity/Hub/Editor/2021.2.8f1/Editor/Data/MonoBleedingEdge/etc'
Using monoOptions --debugger-agent=transport=dt_socket,embedding=1,server=y,suspend=n,address=127.0.0.1:56136
Begin MonoManager ReloadAssembly
Registering precompiled unity dll's ...
Register platform support module: C:/Program Files/Unity/Hub/Editor/2021.2.8f1/Editor/Data/PlaybackEngines/WindowsStandaloneSupport/UnityEditor.WindowsStandalone.Extensions.dll
Registered in 0.004861 seconds.
Native extension for WindowsStandalone target not found
Refreshing native plugins compatible for Editor in 129.85 ms, found 4 plugins.
Preloading 0 native plugins for Editor in 0.00 ms.
Mono: successfully reloaded assembly
- Completed reload, in  0.588 seconds
Domain Reload Profiling:
	ReloadAssembly (588ms)
		BeginReloadAssembly (63ms)
			ExecutionOrderSort (0ms)
			DisableScriptedObjects (0ms)
			BackupInstance (0ms)
			ReleaseScriptingObjects (0ms)
			CreateAndSetChildDomain (1ms)
		EndReloadAssembly (455ms)
			LoadAssemblies (61ms)
			RebuildTransferFunctionScriptingTraits (0ms)
			SetupTypeCache (86ms)
			ReleaseScriptCaches (0ms)
			RebuildScriptCaches (23ms)
			SetupLoadedEditorAssemblies (301ms)
				LogAssemblyErrors (0ms)
				InitializePlatformSupportModulesInManaged (13ms)
				SetLoadedEditorAssemblies (0ms)
				RefreshPlugins (130ms)
				BeforeProcessingInitializeOnLoad (1ms)
				ProcessInitializeOnLoadAttributes (119ms)
				ProcessInitializeOnLoadMethodAttributes (38ms)
				AfterProcessingInitializeOnLoad (0ms)
				EditorAssembliesLoaded (0ms)
			ExecutionOrderSort2 (0ms)
			AwakeInstancesAfterBackupRestoration (0ms)
Platform modules already initialized, skipping
Registering precompiled user dll's ...
Registered in 0.004933 seconds.
Begin MonoManager ReloadAssembly
Symbol file LoadedFromMemory doesn't match image D:\Fall-in-Unknown\Fall in Unknown\Library\PackageCache\com.unity.visualscripting@1.7.6\Editor\VisualScripting.Core\Dependencies\YamlDotNet\Unity.VisualScripting.YamlDotNet.dll
Symbol file LoadedFromMemory doesn't match image D:\Fall-in-Unknown\Fall in Unknown\Library\PackageCache\com.unity.visualscripting@1.7.6\Editor\VisualScripting.Core\Dependencies\DotNetZip\Unity.VisualScripting.IonicZip.dll
Native extension for WindowsStandalone target not found
Refreshing native plugins compatible for Editor in 136.27 ms, found 4 plugins.
Preloading 0 native plugins for Editor in 0.00 ms.
Mono: successfully reloaded assembly
- Completed reload, in  2.058 seconds
Domain Reload Profiling:
	ReloadAssembly (2059ms)
		BeginReloadAssembly (94ms)
			ExecutionOrderSort (0ms)
			DisableScriptedObjects (5ms)
			BackupInstance (0ms)
			ReleaseScriptingObjects (0ms)
			CreateAndSetChildDomain (18ms)
		EndReloadAssembly (1882ms)
			LoadAssemblies (81ms)
			RebuildTransferFunctionScriptingTraits (0ms)
			SetupTypeCache (337ms)
			ReleaseScriptCaches (1ms)
			RebuildScriptCaches (96ms)
			SetupLoadedEditorAssemblies (1327ms)
				LogAssemblyErrors (0ms)
				InitializePlatformSupportModulesInManaged (9ms)
				SetLoadedEditorAssemblies (0ms)
				RefreshPlugins (136ms)
				BeforeProcessingInitializeOnLoad (132ms)
				ProcessInitializeOnLoadAttributes (910ms)
				ProcessInitializeOnLoadMethodAttributes (133ms)
				AfterProcessingInitializeOnLoad (6ms)
				EditorAssembliesLoaded (0ms)
			ExecutionOrderSort2 (0ms)
			AwakeInstancesAfterBackupRestoration (5ms)
Platform modules already initialized, skipping
========================================================================
Worker process is ready to serve import requests
Launched and connected shader compiler UnityShaderCompiler.exe after 0.06 seconds
Refreshing native plugins compatible for Editor in 1.18 ms, found 4 plugins.
Preloading 0 native plugins for Editor in 0.00 ms.
Unloading 7270 Unused Serialized files (Serialized files now loaded: 0)
Unloading 77 unused Assets / (3.8 MB). Loaded Objects now: 7738.
Memory consumption went from 340.2 MB to 336.4 MB.
Total: 5.323500 ms (FindLiveObjects: 0.603100 ms CreateObjectMapping: 0.594000 ms MarkObjects: 3.486600 ms  DeleteObjects: 0.637500 ms)

AssetImportParameters requested are different than current active one (requested -> active):
  custom:video-decoder-ogg-theora: a1e56fd34408186e4bbccfd4996cb3dc -> 
  custom:container-muxer-webm: aa71ff27fc2769a1b78a27578f13a17b -> 
  custom:container-demuxer-webm: 4f35f7cbe854078d1ac9338744f61a02 -> 
  custom:video-encoder-webm-vp8: eb34c28f22e8b96e1ab97ce403110664 -> 
  custom:audio-encoder-webm-vorbis: bf7c407c2cedff20999df2af8eb42d56 -> 
  custom:framework-win-MediaFoundation: 216162199b28c13a410421893ffa2e32 -> 
  custom:container-demuxer-ogg: 62fdf1f143b41e24485cea50d1cbac27 -> 
  custom:video-decoder-webm-vp8: 9c59270c3fd7afecdb556c50c9e8de78 -> 
  custom:audio-decoder-ogg-vorbis: bf7c407c2cedff20999df2af8eb42d56 -> 
========================================================================
Received Import Request.
  Time since last request: 2425183.143559 seconds.
  path: Assets/Prefabs/Buildings/Caserne.prefab
  artifactKey: Guid(070225a1c99466d45b93263bbbf35510) Importer(815301076,1909f56bfc062723c751e8b465ee728b)
Start importing Assets/Prefabs/Buildings/Caserne.prefab using Guid(070225a1c99466d45b93263bbbf35510) Importer(815301076,1909f56bfc062723c751e8b465ee728b)  -> (artifact id: '972fb21dce90e545f03dbf318e05a74a') in 0.760382 seconds 
========================================================================
Received Import Request.
  Time since last request: 15.167259 seconds.
  path: Assets/Prefabs/Buildings/Caserne.prefab
  artifactKey: Guid(070225a1c99466d45b93263bbbf35510) Importer(815301076,1909f56bfc062723c751e8b465ee728b)
Start importing Assets/Prefabs/Buildings/Caserne.prefab using Guid(070225a1c99466d45b93263bbbf35510) Importer(815301076,1909f56bfc062723c751e8b465ee728b)  -> (artifact id: 'd3627f9138cb0aee79b72efbaf0de032') in 0.021396 seconds 
========================================================================
Received Import Request.
  Time since last request: 4.047944 seconds.
  path: Assets/Prefabs/Buildings/Caserne.prefab
  artifactKey: Guid(070225a1c99466d45b93263bbbf35510) Importer(815301076,1909f56bfc062723c751e8b465ee728b)
Start importing Assets/Prefabs/Buildings/Caserne.prefab using Guid(070225a1c99466d45b93263bbbf35510) Importer(815301076,1909f56bfc062723c751e8b465ee728b)  -> (artifact id: '48fa3a01d9c1d93fb41ef66c37641374') in 0.018488 seconds 
========================================================================
Received Import Request.
  Time since last request: 2.821413 seconds.
  path: Assets/Prefabs/Buildings/Caserne.prefab
  artifactKey: Guid(070225a1c99466d45b93263bbbf35510) Importer(815301076,1909f56bfc062723c751e8b465ee728b)
Start importing Assets/Prefabs/Buildings/Caserne.prefab using Guid(070225a1c99466d45b93263bbbf35510) Importer(815301076,1909f56bfc062723c751e8b465ee728b)  -> (artifact id: '165ee913acc21a093e5fa3ffb3e6566a') in 0.020319 seconds 
========================================================================
Received Import Request.
  Time since last request: 3.906802 seconds.
  path: Assets/Prefabs/Buildings/Eolienne.prefab
  artifactKey: Guid(d53dd15aa53ccba4ba5f225dd81972b9) Importer(815301076,1909f56bfc062723c751e8b465ee728b)
Start importing Assets/Prefabs/Buildings/Eolienne.prefab using Guid(d53dd15aa53ccba4ba5f225dd81972b9) Importer(815301076,1909f56bfc062723c751e8b465ee728b)  -> (artifact id: 'd59eddce2292c9728d1291765a466fbd') in 0.015829 seconds 
========================================================================
Received Import Request.
  Time since last request: 11.047108 seconds.
  path: Assets/Prefabs/Buildings/Eolienne.prefab
  artifactKey: Guid(d53dd15aa53ccba4ba5f225dd81972b9) Importer(815301076,1909f56bfc062723c751e8b465ee728b)
Start importing Assets/Prefabs/Buildings/Eolienne.prefab using Guid(d53dd15aa53ccba4ba5f225dd81972b9) Importer(815301076,1909f56bfc062723c751e8b465ee728b)  -> (artifact id: '2ecb19820ea41d774ebc2fc980fef79d') in 0.015650 seconds 
========================================================================
Received Import Request.
  Time since last request: 18.599075 seconds.
  path: Assets/Prefabs/Buildings/Eolienne.prefab
  artifactKey: Guid(d53dd15aa53ccba4ba5f225dd81972b9) Importer(815301076,1909f56bfc062723c751e8b465ee728b)
Start importing Assets/Prefabs/Buildings/Eolienne.prefab using Guid(d53dd15aa53ccba4ba5f225dd81972b9) Importer(815301076,1909f56bfc062723c751e8b465ee728b)  -> (artifact id: '263bfb24ef7796511182ecda6748c7fb') in 0.017528 seconds 
========================================================================
Received Import Request.
  Time since last request: 5.664491 seconds.
  path: Assets/Prefabs/Buildings/Eolienne.prefab
  artifactKey: Guid(d53dd15aa53ccba4ba5f225dd81972b9) Importer(815301076,1909f56bfc062723c751e8b465ee728b)
Start importing Assets/Prefabs/Buildings/Eolienne.prefab using Guid(d53dd15aa53ccba4ba5f225dd81972b9) Importer(815301076,1909f56bfc062723c751e8b465ee728b)  -> (artifact id: '82abd62d1ce27446046307a9febf5aaf') in 0.018047 seconds 
========================================================================
Received Import Request.
  Time since last request: 24.687386 seconds.
  path: Assets/Prefabs/Buildings/Ferme.prefab
  artifactKey: Guid(8c64b071dce2e7341902c4979ecc62c6) Importer(815301076,1909f56bfc062723c751e8b465ee728b)
Start importing Assets/Prefabs/Buildings/Ferme.prefab using Guid(8c64b071dce2e7341902c4979ecc62c6) Importer(815301076,1909f56bfc062723c751e8b465ee728b)  -> (artifact id: 'c579d52c8650fe67de7006e8dfc850bf') in 0.017618 seconds 
========================================================================
Received Import Request.
  Time since last request: 8.797143 seconds.
  path: Assets/Prefabs/Buildings/Ferme.prefab
  artifactKey: Guid(8c64b071dce2e7341902c4979ecc62c6) Importer(815301076,1909f56bfc062723c751e8b465ee728b)
Start importing Assets/Prefabs/Buildings/Ferme.prefab using Guid(8c64b071dce2e7341902c4979ecc62c6) Importer(815301076,1909f56bfc062723c751e8b465ee728b)  -> (artifact id: '7e0e1028b8bb6e5a5ba6614a58a27a90') in 0.015549 seconds 
========================================================================
Received Import Request.
  Time since last request: 2.402689 seconds.
  path: Assets/Prefabs/Buildings/Ferme.prefab
  artifactKey: Guid(8c64b071dce2e7341902c4979ecc62c6) Importer(815301076,1909f56bfc062723c751e8b465ee728b)
Start importing Assets/Prefabs/Buildings/Ferme.prefab using Guid(8c64b071dce2e7341902c4979ecc62c6) Importer(815301076,1909f56bfc062723c751e8b465ee728b)  -> (artifact id: '0c074e3dac9bdb36159fb73aef3dc5ad') in 0.018244 seconds 
========================================================================
Received Import Request.
  Time since last request: 5.710636 seconds.
  path: Assets/Prefabs/Buildings/Ferme.prefab
  artifactKey: Guid(8c64b071dce2e7341902c4979ecc62c6) Importer(815301076,1909f56bfc062723c751e8b465ee728b)
Start importing Assets/Prefabs/Buildings/Ferme.prefab using Guid(8c64b071dce2e7341902c4979ecc62c6) Importer(815301076,1909f56bfc062723c751e8b465ee728b)  -> (artifact id: '9a898d5466dce8488614574366bed8c2') in 0.016002 seconds 
========================================================================
Received Import Request.
  Time since last request: 5.701059 seconds.
  path: Assets/Prefabs/Buildings/Ferme.prefab
  artifactKey: Guid(8c64b071dce2e7341902c4979ecc62c6) Importer(815301076,1909f56bfc062723c751e8b465ee728b)
Start importing Assets/Prefabs/Buildings/Ferme.prefab using Guid(8c64b071dce2e7341902c4979ecc62c6) Importer(815301076,1909f56bfc062723c751e8b465ee728b)  -> (artifact id: 'cb595d4618fd1a78a6bc96e6a4b18dad') in 0.020850 seconds 
========================================================================
Received Import Request.
  Time since last request: 3.621303 seconds.
  path: Assets/Prefabs/Buildings/Ferme.prefab
  artifactKey: Guid(8c64b071dce2e7341902c4979ecc62c6) Importer(815301076,1909f56bfc062723c751e8b465ee728b)
Start importing Assets/Prefabs/Buildings/Ferme.prefab using Guid(8c64b071dce2e7341902c4979ecc62c6) Importer(815301076,1909f56bfc062723c751e8b465ee728b)  -> (artifact id: '98cfb8d39e9f5f813a2aa75f3e6e0e46') in 0.015812 seconds 
========================================================================
Received Import Request.
  Time since last request: 8.069815 seconds.
  path: Assets/Prefabs/Buildings/Ferme.prefab
  artifactKey: Guid(8c64b071dce2e7341902c4979ecc62c6) Importer(815301076,1909f56bfc062723c751e8b465ee728b)
Start importing Assets/Prefabs/Buildings/Ferme.prefab using Guid(8c64b071dce2e7341902c4979ecc62c6) Importer(815301076,1909f56bfc062723c751e8b465ee728b)  -> (artifact id: 'de87669cff9422ebf400fe62b990d34d') in 0.019504 seconds 
========================================================================
Received Import Request.
  Time since last request: 10.758122 seconds.
  path: Assets/Prefabs/Buildings/Ferme.prefab
  artifactKey: Guid(8c64b071dce2e7341902c4979ecc62c6) Importer(815301076,1909f56bfc062723c751e8b465ee728b)
Start importing Assets/Prefabs/Buildings/Ferme.prefab using Guid(8c64b071dce2e7341902c4979ecc62c6) Importer(815301076,1909f56bfc062723c751e8b465ee728b)  -> (artifact id: '5ccd80a63867875bcfd4db8df1e8e53f') in 0.017217 seconds 
========================================================================
Received Import Request.
  Time since last request: 7.954633 seconds.
  path: Assets/Prefabs/Buildings/Forum.prefab
  artifactKey: Guid(3d42f42f7d6c08d43b1d2ebf0ddc3af9) Importer(815301076,1909f56bfc062723c751e8b465ee728b)
Start importing Assets/Prefabs/Buildings/Forum.prefab using Guid(3d42f42f7d6c08d43b1d2ebf0ddc3af9) Importer(815301076,1909f56bfc062723c751e8b465ee728b)  -> (artifact id: 'e4a4bb802834757147c777ebf4bd1574') in 0.016711 seconds 
========================================================================
Received Import Request.
  Time since last request: 7.784164 seconds.
  path: Assets/Prefabs/Buildings/Forum.prefab
  artifactKey: Guid(3d42f42f7d6c08d43b1d2ebf0ddc3af9) Importer(815301076,1909f56bfc062723c751e8b465ee728b)
Start importing Assets/Prefabs/Buildings/Forum.prefab using Guid(3d42f42f7d6c08d43b1d2ebf0ddc3af9) Importer(815301076,1909f56bfc062723c751e8b465ee728b)  -> (artifact id: 'a683deac75a0e04e3b15eb9213049a77') in 0.018403 seconds 
========================================================================
Received Import Request.
  Time since last request: 2.216296 seconds.
  path: Assets/Prefabs/Buildings/Forum.prefab
  artifactKey: Guid(3d42f42f7d6c08d43b1d2ebf0ddc3af9) Importer(815301076,1909f56bfc062723c751e8b465ee728b)
Start importing Assets/Prefabs/Buildings/Forum.prefab using Guid(3d42f42f7d6c08d43b1d2ebf0ddc3af9) Importer(815301076,1909f56bfc062723c751e8b465ee728b)  -> (artifact id: '277bcde3aa766f5263f85f0719e0445a') in 0.016784 seconds 
========================================================================
Received Import Request.
  Time since last request: 10.954415 seconds.
  path: Assets/Prefabs/Buildings/Forum.prefab
  artifactKey: Guid(3d42f42f7d6c08d43b1d2ebf0ddc3af9) Importer(815301076,1909f56bfc062723c751e8b465ee728b)
Start importing Assets/Prefabs/Buildings/Forum.prefab using Guid(3d42f42f7d6c08d43b1d2ebf0ddc3af9) Importer(815301076,1909f56bfc062723c751e8b465ee728b)  -> (artifact id: '64b9386a87f45b6fad1b7e2641a2cd57') in 0.016446 seconds 
========================================================================
Received Import Request.
  Time since last request: 2.206459 seconds.
  path: Assets/Prefabs/Buildings/Forum.prefab
  artifactKey: Guid(3d42f42f7d6c08d43b1d2ebf0ddc3af9) Importer(815301076,1909f56bfc062723c751e8b465ee728b)
Start importing Assets/Prefabs/Buildings/Forum.prefab using Guid(3d42f42f7d6c08d43b1d2ebf0ddc3af9) Importer(815301076,1909f56bfc062723c751e8b465ee728b)  -> (artifact id: '03c95f6c5b6ab11ff2c60c071ab9bc44') in 0.017059 seconds 
========================================================================
Received Import Request.
  Time since last request: 4.063857 seconds.
  path: Assets/Prefabs/Buildings/Forum.prefab
  artifactKey: Guid(3d42f42f7d6c08d43b1d2ebf0ddc3af9) Importer(815301076,1909f56bfc062723c751e8b465ee728b)
Start importing Assets/Prefabs/Buildings/Forum.prefab using Guid(3d42f42f7d6c08d43b1d2ebf0ddc3af9) Importer(815301076,1909f56bfc062723c751e8b465ee728b)  -> (artifact id: 'c2b93a7d60083cd0cce88f0b3b0e7b0d') in 0.016426 seconds 
========================================================================
Received Import Request.
  Time since last request: 7.293919 seconds.
  path: Assets/Prefabs/Buildings/Forum.prefab
  artifactKey: Guid(3d42f42f7d6c08d43b1d2ebf0ddc3af9) Importer(815301076,1909f56bfc062723c751e8b465ee728b)
Start importing Assets/Prefabs/Buildings/Forum.prefab using Guid(3d42f42f7d6c08d43b1d2ebf0ddc3af9) Importer(815301076,1909f56bfc062723c751e8b465ee728b)  -> (artifact id: '74c0a4ff2214ef73c57b74bb98a43c9f') in 0.020718 seconds 
========================================================================
Received Import Request.
  Time since last request: 2.014284 seconds.
  path: Assets/Prefabs/Buildings/Forum.prefab
  artifactKey: Guid(3d42f42f7d6c08d43b1d2ebf0ddc3af9) Importer(815301076,1909f56bfc062723c751e8b465ee728b)
Start importing Assets/Prefabs/Buildings/Forum.prefab using Guid(3d42f42f7d6c08d43b1d2ebf0ddc3af9) Importer(815301076,1909f56bfc062723c751e8b465ee728b)  -> (artifact id: '898b087707c087b1542b60d2cb6c4dd2') in 0.019183 seconds 
========================================================================
Received Import Request.
  Time since last request: 5.794650 seconds.
  path: Assets/Prefabs/Buildings/Habitation.prefab
  artifactKey: Guid(d47d1c7c4746a56438a1d66312537b86) Importer(815301076,1909f56bfc062723c751e8b465ee728b)
Start importing Assets/Prefabs/Buildings/Habitation.prefab using Guid(d47d1c7c4746a56438a1d66312537b86) Importer(815301076,1909f56bfc062723c751e8b465ee728b)  -> (artifact id: '26fea52014913ae313dab37337c2728b') in 0.016303 seconds 
========================================================================
Received Import Request.
  Time since last request: 8.842116 seconds.
  path: Assets/Prefabs/Buildings/Habitation.prefab
  artifactKey: Guid(d47d1c7c4746a56438a1d66312537b86) Importer(815301076,1909f56bfc062723c751e8b465ee728b)
Start importing Assets/Prefabs/Buildings/Habitation.prefab using Guid(d47d1c7c4746a56438a1d66312537b86) Importer(815301076,1909f56bfc062723c751e8b465ee728b)  -> (artifact id: '75c55512248fdcead6d92252ce14efbb') in 0.018156 seconds 
========================================================================
Received Import Request.
  Time since last request: 9.125533 seconds.
  path: Assets/Prefabs/Buildings/Habitation.prefab
  artifactKey: Guid(d47d1c7c4746a56438a1d66312537b86) Importer(815301076,1909f56bfc062723c751e8b465ee728b)
Start importing Assets/Prefabs/Buildings/Habitation.prefab using Guid(d47d1c7c4746a56438a1d66312537b86) Importer(815301076,1909f56bfc062723c751e8b465ee728b)  -> (artifact id: '29c76501e8434f6dedcc700e11384cd1') in 0.016031 seconds 
========================================================================
Received Import Request.
  Time since last request: 8.465811 seconds.
  path: Assets/Prefabs/Buildings/Habitation.prefab
  artifactKey: Guid(d47d1c7c4746a56438a1d66312537b86) Importer(815301076,1909f56bfc062723c751e8b465ee728b)
Start importing Assets/Prefabs/Buildings/Habitation.prefab using Guid(d47d1c7c4746a56438a1d66312537b86) Importer(815301076,1909f56bfc062723c751e8b465ee728b)  -> (artifact id: '160f511291c1b5d09a3f3953adcddffb') in 0.018522 seconds 
========================================================================
Received Import Request.
  Time since last request: 5.406898 seconds.
  path: Assets/Prefabs/Buildings/Mine.prefab
  artifactKey: Guid(6c51e0b5285318a49aee75c821bcbedb) Importer(815301076,1909f56bfc062723c751e8b465ee728b)
Start importing Assets/Prefabs/Buildings/Mine.prefab using Guid(6c51e0b5285318a49aee75c821bcbedb) Importer(815301076,1909f56bfc062723c751e8b465ee728b)  -> (artifact id: '37d06b7a88400f04c6ba732c85539e76') in 0.017453 seconds 
========================================================================
Received Import Request.
  Time since last request: 1196.320194 seconds.
  path: Assets/Prefabs/Buildings/Rempart.prefab
  artifactKey: Guid(5f858bd1bacd5ab4ea3d3dbc41ce95de) Importer(815301076,1909f56bfc062723c751e8b465ee728b)
Start importing Assets/Prefabs/Buildings/Rempart.prefab using Guid(5f858bd1bacd5ab4ea3d3dbc41ce95de) Importer(815301076,1909f56bfc062723c751e8b465ee728b)  -> (artifact id: '4f0546ba14bfa88adacb9b3d4585f399') in 0.026901 seconds 
========================================================================
Received Import Request.
  Time since last request: 5.377912 seconds.
  path: Assets/Prefabs/Buildings/Rempart.prefab
  artifactKey: Guid(5f858bd1bacd5ab4ea3d3dbc41ce95de) Importer(815301076,1909f56bfc062723c751e8b465ee728b)
Start importing Assets/Prefabs/Buildings/Rempart.prefab using Guid(5f858bd1bacd5ab4ea3d3dbc41ce95de) Importer(815301076,1909f56bfc062723c751e8b465ee728b)  -> (artifact id: '5e2329996e858cb25c7a07ed0c19a980') in 0.016275 seconds 
========================================================================
Received Import Request.
  Time since last request: 2.487362 seconds.
  path: Assets/Prefabs/Buildings/Scierie.prefab
  artifactKey: Guid(6799ea7b09b437c48b7fd4384a1376c7) Importer(815301076,1909f56bfc062723c751e8b465ee728b)
Start importing Assets/Prefabs/Buildings/Scierie.prefab using Guid(6799ea7b09b437c48b7fd4384a1376c7) Importer(815301076,1909f56bfc062723c751e8b465ee728b)  -> (artifact id: 'c1799a1df08763e3e0cc57881531bf4a') in 0.019069 seconds 
========================================================================
Received Import Request.
  Time since last request: 56.436066 seconds.
  path: Assets/Prefabs/Buildings/Scierie.prefab
  artifactKey: Guid(6799ea7b09b437c48b7fd4384a1376c7) Importer(815301076,1909f56bfc062723c751e8b465ee728b)
Start importing Assets/Prefabs/Buildings/Scierie.prefab using Guid(6799ea7b09b437c48b7fd4384a1376c7) Importer(815301076,1909f56bfc062723c751e8b465ee728b)  -> (artifact id: '9b1028ffb32e39c2dbd47c58be4fc318') in 0.018326 seconds 
========================================================================
Received Import Request.
  Time since last request: 2.978848 seconds.
  path: Assets/Prefabs/Buildings/Scierie.prefab
  artifactKey: Guid(6799ea7b09b437c48b7fd4384a1376c7) Importer(815301076,1909f56bfc062723c751e8b465ee728b)
Start importing Assets/Prefabs/Buildings/Scierie.prefab using Guid(6799ea7b09b437c48b7fd4384a1376c7) Importer(815301076,1909f56bfc062723c751e8b465ee728b)  -> (artifact id: 'b8c20d1dcd7076c83ed15a85ef6d6fdf') in 0.016074 seconds 
========================================================================
Received Import Request.
  Time since last request: 6.453711 seconds.
  path: Assets/Prefabs/Buildings/Scierie.prefab
  artifactKey: Guid(6799ea7b09b437c48b7fd4384a1376c7) Importer(815301076,1909f56bfc062723c751e8b465ee728b)
Start importing Assets/Prefabs/Buildings/Scierie.prefab using Guid(6799ea7b09b437c48b7fd4384a1376c7) Importer(815301076,1909f56bfc062723c751e8b465ee728b)  -> (artifact id: 'ca626e595a6a36507c10b18203e3e5d1') in 0.016768 seconds 
========================================================================
Received Import Request.
  Time since last request: 8.807714 seconds.
  path: Assets/Prefabs/Buildings/Scierie.prefab
  artifactKey: Guid(6799ea7b09b437c48b7fd4384a1376c7) Importer(815301076,1909f56bfc062723c751e8b465ee728b)
Start importing Assets/Prefabs/Buildings/Scierie.prefab using Guid(6799ea7b09b437c48b7fd4384a1376c7) Importer(815301076,1909f56bfc062723c751e8b465ee728b)  -> (artifact id: '4ce63b54b3a33e2f11f8390da11f81fd') in 0.019302 seconds 
========================================================================
Received Import Request.
  Time since last request: 6.882719 seconds.
  path: Assets/Prefabs/Buildings/Scierie.prefab
  artifactKey: Guid(6799ea7b09b437c48b7fd4384a1376c7) Importer(815301076,1909f56bfc062723c751e8b465ee728b)
Start importing Assets/Prefabs/Buildings/Scierie.prefab using Guid(6799ea7b09b437c48b7fd4384a1376c7) Importer(815301076,1909f56bfc062723c751e8b465ee728b)  -> (artifact id: 'b7a67052e7e51e9e7d5c8af320af6ace') in 0.019239 seconds 
========================================================================
Received Import Request.
  Time since last request: 2.011718 seconds.
  path: Assets/Prefabs/Buildings/Scierie.prefab
  artifactKey: Guid(6799ea7b09b437c48b7fd4384a1376c7) Importer(815301076,1909f56bfc062723c751e8b465ee728b)
Start importing Assets/Prefabs/Buildings/Scierie.prefab using Guid(6799ea7b09b437c48b7fd4384a1376c7) Importer(815301076,1909f56bfc062723c751e8b465ee728b)  -> (artifact id: 'e6c8d53e9c00dd756ad926997d31463b') in 0.019408 seconds 
========================================================================
Received Prepare
Registering precompiled user dll's ...
Registered in 0.004860 seconds.
Begin MonoManager ReloadAssembly
Symbol file LoadedFromMemory doesn't match image D:\Fall-in-Unknown\Fall in Unknown\Library\PackageCache\com.unity.visualscripting@1.7.6\Editor\VisualScripting.Core\Dependencies\YamlDotNet\Unity.VisualScripting.YamlDotNet.dll
Symbol file LoadedFromMemory doesn't match image D:\Fall-in-Unknown\Fall in Unknown\Library\PackageCache\com.unity.visualscripting@1.7.6\Editor\VisualScripting.Core\Dependencies\DotNetZip\Unity.VisualScripting.IonicZip.dll
Native extension for WindowsStandalone target not found
Refreshing native plugins compatible for Editor in 1.11 ms, found 4 plugins.
Preloading 0 native plugins for Editor in 0.00 ms.
Mono: successfully reloaded assembly
- Completed reload, in  1.516 seconds
Domain Reload Profiling:
	ReloadAssembly (1517ms)
		BeginReloadAssembly (205ms)
			ExecutionOrderSort (0ms)
			DisableScriptedObjects (32ms)
			BackupInstance (0ms)
			ReleaseScriptingObjects (0ms)
			CreateAndSetChildDomain (68ms)
		EndReloadAssembly (1226ms)
			LoadAssemblies (80ms)
			RebuildTransferFunctionScriptingTraits (0ms)
			SetupTypeCache (326ms)
			ReleaseScriptCaches (2ms)
			RebuildScriptCaches (81ms)
			SetupLoadedEditorAssemblies (601ms)
				LogAssemblyErrors (0ms)
				InitializePlatformSupportModulesInManaged (11ms)
				SetLoadedEditorAssemblies (0ms)
				RefreshPlugins (1ms)
				BeforeProcessingInitializeOnLoad (105ms)
				ProcessInitializeOnLoadAttributes (445ms)
				ProcessInitializeOnLoadMethodAttributes (32ms)
				AfterProcessingInitializeOnLoad (6ms)
				EditorAssembliesLoaded (0ms)
			ExecutionOrderSort2 (0ms)
			AwakeInstancesAfterBackupRestoration (12ms)
Platform modules already initialized, skipping
Refreshing native plugins compatible for Editor in 1.07 ms, found 4 plugins.
Preloading 0 native plugins for Editor in 0.00 ms.
Unloading 6952 Unused Serialized files (Serialized files now loaded: 0)
Unloading 53 unused Assets / (3.8 MB). Loaded Objects now: 7879.
Memory consumption went from 330.1 MB to 326.4 MB.
Total: 5.178100 ms (FindLiveObjects: 0.603500 ms CreateObjectMapping: 0.592000 ms MarkObjects: 3.403000 ms  DeleteObjects: 0.578300 ms)

AssetImportParameters requested are different than current active one (requested -> active):
  custom:video-decoder-ogg-theora: a1e56fd34408186e4bbccfd4996cb3dc -> 
  custom:container-muxer-webm: aa71ff27fc2769a1b78a27578f13a17b -> 
  custom:container-demuxer-webm: 4f35f7cbe854078d1ac9338744f61a02 -> 
  custom:video-encoder-webm-vp8: eb34c28f22e8b96e1ab97ce403110664 -> 
  custom:audio-encoder-webm-vorbis: bf7c407c2cedff20999df2af8eb42d56 -> 
  custom:framework-win-MediaFoundation: 216162199b28c13a410421893ffa2e32 -> 
  custom:container-demuxer-ogg: 62fdf1f143b41e24485cea50d1cbac27 -> 
  custom:video-decoder-webm-vp8: 9c59270c3fd7afecdb556c50c9e8de78 -> 
  custom:audio-decoder-ogg-vorbis: bf7c407c2cedff20999df2af8eb42d56 -> 
========================================================================
Received Import Request.
  Time since last request: 174.145677 seconds.
  path: Assets/Prefabs/Buildings/Scierie.prefab
  artifactKey: Guid(6799ea7b09b437c48b7fd4384a1376c7) Importer(815301076,1909f56bfc062723c751e8b465ee728b)
Start importing Assets/Prefabs/Buildings/Scierie.prefab using Guid(6799ea7b09b437c48b7fd4384a1376c7) Importer(815301076,1909f56bfc062723c751e8b465ee728b)  -> (artifact id: '167679ac62d8bef6db315f138169890e') in 0.737204 seconds 
========================================================================
Received Prepare
Registering precompiled user dll's ...
Registered in 0.004762 seconds.
Begin MonoManager ReloadAssembly
Symbol file LoadedFromMemory doesn't match image D:\Fall-in-Unknown\Fall in Unknown\Library\PackageCache\com.unity.visualscripting@1.7.6\Editor\VisualScripting.Core\Dependencies\YamlDotNet\Unity.VisualScripting.YamlDotNet.dll
Symbol file LoadedFromMemory doesn't match image D:\Fall-in-Unknown\Fall in Unknown\Library\PackageCache\com.unity.visualscripting@1.7.6\Editor\VisualScripting.Core\Dependencies\DotNetZip\Unity.VisualScripting.IonicZip.dll
Native extension for WindowsStandalone target not found
Refreshing native plugins compatible for Editor in 1.10 ms, found 4 plugins.
Preloading 0 native plugins for Editor in 0.00 ms.
Mono: successfully reloaded assembly
- Completed reload, in  1.498 seconds
Domain Reload Profiling:
	ReloadAssembly (1498ms)
		BeginReloadAssembly (176ms)
			ExecutionOrderSort (0ms)
			DisableScriptedObjects (27ms)
			BackupInstance (0ms)
			ReleaseScriptingObjects (0ms)
			CreateAndSetChildDomain (63ms)
		EndReloadAssembly (1242ms)
			LoadAssemblies (79ms)
			RebuildTransferFunctionScriptingTraits (0ms)
			SetupTypeCache (304ms)
			ReleaseScriptCaches (2ms)
			RebuildScriptCaches (75ms)
			SetupLoadedEditorAssemblies (643ms)
				LogAssemblyErrors (0ms)
				InitializePlatformSupportModulesInManaged (11ms)
				SetLoadedEditorAssemblies (0ms)
				RefreshPlugins (1ms)
				BeforeProcessingInitializeOnLoad (101ms)
				ProcessInitializeOnLoadAttributes (485ms)
				ProcessInitializeOnLoadMethodAttributes (37ms)
				AfterProcessingInitializeOnLoad (7ms)
				EditorAssembliesLoaded (0ms)
			ExecutionOrderSort2 (0ms)
			AwakeInstancesAfterBackupRestoration (17ms)
Platform modules already initialized, skipping
Refreshing native plugins compatible for Editor in 1.28 ms, found 4 plugins.
Preloading 0 native plugins for Editor in 0.00 ms.
Unloading 6962 Unused Serialized files (Serialized files now loaded: 0)
Unloading 52 unused Assets / (3.5 MB). Loaded Objects now: 8017.
Memory consumption went from 341.6 MB to 338.1 MB.
Total: 4.903300 ms (FindLiveObjects: 0.604100 ms CreateObjectMapping: 0.463900 ms MarkObjects: 3.317800 ms  DeleteObjects: 0.516600 ms)

AssetImportParameters requested are different than current active one (requested -> active):
  custom:video-decoder-ogg-theora: a1e56fd34408186e4bbccfd4996cb3dc -> 
  custom:container-muxer-webm: aa71ff27fc2769a1b78a27578f13a17b -> 
  custom:container-demuxer-webm: 4f35f7cbe854078d1ac9338744f61a02 -> 
  custom:video-encoder-webm-vp8: eb34c28f22e8b96e1ab97ce403110664 -> 
  custom:audio-encoder-webm-vorbis: bf7c407c2cedff20999df2af8eb42d56 -> 
  custom:framework-win-MediaFoundation: 216162199b28c13a410421893ffa2e32 -> 
  custom:container-demuxer-ogg: 62fdf1f143b41e24485cea50d1cbac27 -> 
  custom:video-decoder-webm-vp8: 9c59270c3fd7afecdb556c50c9e8de78 -> 
  custom:audio-decoder-ogg-vorbis: bf7c407c2cedff20999df2af8eb42d56 -> 
========================================================================
Received Prepare
Registering precompiled user dll's ...
Registered in 0.004753 seconds.
Begin MonoManager ReloadAssembly
Symbol file LoadedFromMemory doesn't match image D:\Fall-in-Unknown\Fall in Unknown\Library\PackageCache\com.unity.visualscripting@1.7.6\Editor\VisualScripting.Core\Dependencies\YamlDotNet\Unity.VisualScripting.YamlDotNet.dll
Symbol file LoadedFromMemory doesn't match image D:\Fall-in-Unknown\Fall in Unknown\Library\PackageCache\com.unity.visualscripting@1.7.6\Editor\VisualScripting.Core\Dependencies\DotNetZip\Unity.VisualScripting.IonicZip.dll
Native extension for WindowsStandalone target not found
Refreshing native plugins compatible for Editor in 1.02 ms, found 4 plugins.
Preloading 0 native plugins for Editor in 0.00 ms.
Mono: successfully reloaded assembly
- Completed reload, in  1.441 seconds
Domain Reload Profiling:
	ReloadAssembly (1441ms)
		BeginReloadAssembly (149ms)
			ExecutionOrderSort (0ms)
			DisableScriptedObjects (11ms)
			BackupInstance (0ms)
			ReleaseScriptingObjects (0ms)
			CreateAndSetChildDomain (49ms)
		EndReloadAssembly (1212ms)
			LoadAssemblies (81ms)
			RebuildTransferFunctionScriptingTraits (0ms)
			SetupTypeCache (300ms)
			ReleaseScriptCaches (2ms)
			RebuildScriptCaches (74ms)
			SetupLoadedEditorAssemblies (633ms)
				LogAssemblyErrors (0ms)
				InitializePlatformSupportModulesInManaged (10ms)
				SetLoadedEditorAssemblies (0ms)
				RefreshPlugins (1ms)
				BeforeProcessingInitializeOnLoad (102ms)
				ProcessInitializeOnLoadAttributes (474ms)
				ProcessInitializeOnLoadMethodAttributes (37ms)
				AfterProcessingInitializeOnLoad (8ms)
				EditorAssembliesLoaded (0ms)
			ExecutionOrderSort2 (0ms)
			AwakeInstancesAfterBackupRestoration (21ms)
Platform modules already initialized, skipping
Refreshing native plugins compatible for Editor in 1.16 ms, found 4 plugins.
Preloading 0 native plugins for Editor in 0.00 ms.
Unloading 6947 Unused Serialized files (Serialized files now loaded: 0)
Unloading 51 unused Assets / (3.5 MB). Loaded Objects now: 8031.
Memory consumption went from 340.4 MB to 336.9 MB.
Total: 5.840700 ms (FindLiveObjects: 0.575200 ms CreateObjectMapping: 0.451100 ms MarkObjects: 4.361100 ms  DeleteObjects: 0.452000 ms)

AssetImportParameters requested are different than current active one (requested -> active):
  custom:video-decoder-ogg-theora: a1e56fd34408186e4bbccfd4996cb3dc -> 
  custom:container-muxer-webm: aa71ff27fc2769a1b78a27578f13a17b -> 
  custom:container-demuxer-webm: 4f35f7cbe854078d1ac9338744f61a02 -> 
  custom:video-encoder-webm-vp8: eb34c28f22e8b96e1ab97ce403110664 -> 
  custom:audio-encoder-webm-vorbis: bf7c407c2cedff20999df2af8eb42d56 -> 
  custom:framework-win-MediaFoundation: 216162199b28c13a410421893ffa2e32 -> 
  custom:container-demuxer-ogg: 62fdf1f143b41e24485cea50d1cbac27 -> 
  custom:video-decoder-webm-vp8: 9c59270c3fd7afecdb556c50c9e8de78 -> 
  custom:audio-decoder-ogg-vorbis: bf7c407c2cedff20999df2af8eb42d56 -> 
========================================================================
Received Prepare
Registering precompiled user dll's ...
Registered in 0.004694 seconds.
Begin MonoManager ReloadAssembly
Symbol file LoadedFromMemory doesn't match image D:\Fall-in-Unknown\Fall in Unknown\Library\PackageCache\com.unity.visualscripting@1.7.6\Editor\VisualScripting.Core\Dependencies\YamlDotNet\Unity.VisualScripting.YamlDotNet.dll
Symbol file LoadedFromMemory doesn't match image D:\Fall-in-Unknown\Fall in Unknown\Library\PackageCache\com.unity.visualscripting@1.7.6\Editor\VisualScripting.Core\Dependencies\DotNetZip\Unity.VisualScripting.IonicZip.dll
Native extension for WindowsStandalone target not found
Refreshing native plugins compatible for Editor in 1.08 ms, found 4 plugins.
Preloading 0 native plugins for Editor in 0.00 ms.
Mono: successfully reloaded assembly
- Completed reload, in  1.485 seconds
Domain Reload Profiling:
	ReloadAssembly (1486ms)
		BeginReloadAssembly (174ms)
			ExecutionOrderSort (0ms)
			DisableScriptedObjects (6ms)
			BackupInstance (0ms)
			ReleaseScriptingObjects (0ms)
			CreateAndSetChildDomain (55ms)
		EndReloadAssembly (1222ms)
			LoadAssemblies (90ms)
			RebuildTransferFunctionScriptingTraits (0ms)
			SetupTypeCache (323ms)
			ReleaseScriptCaches (3ms)
			RebuildScriptCaches (92ms)
			SetupLoadedEditorAssemblies (596ms)
				LogAssemblyErrors (0ms)
				InitializePlatformSupportModulesInManaged (10ms)
				SetLoadedEditorAssemblies (0ms)
				RefreshPlugins (1ms)
				BeforeProcessingInitializeOnLoad (99ms)
				ProcessInitializeOnLoadAttributes (447ms)
				ProcessInitializeOnLoadMethodAttributes (32ms)
				AfterProcessingInitializeOnLoad (6ms)
				EditorAssembliesLoaded (0ms)
			ExecutionOrderSort2 (0ms)
			AwakeInstancesAfterBackupRestoration (18ms)
Platform modules already initialized, skipping
Refreshing native plugins compatible for Editor in 1.19 ms, found 4 plugins.
Preloading 0 native plugins for Editor in 0.00 ms.
Unloading 6947 Unused Serialized files (Serialized files now loaded: 0)
Unloading 51 unused Assets / (3.5 MB). Loaded Objects now: 8045.
Memory consumption went from 340.4 MB to 337.0 MB.
Total: 4.681400 ms (FindLiveObjects: 0.593500 ms CreateObjectMapping: 0.551400 ms MarkObjects: 3.104500 ms  DeleteObjects: 0.430600 ms)

AssetImportParameters requested are different than current active one (requested -> active):
  custom:video-decoder-ogg-theora: a1e56fd34408186e4bbccfd4996cb3dc -> 
  custom:container-muxer-webm: aa71ff27fc2769a1b78a27578f13a17b -> 
  custom:container-demuxer-webm: 4f35f7cbe854078d1ac9338744f61a02 -> 
  custom:video-encoder-webm-vp8: eb34c28f22e8b96e1ab97ce403110664 -> 
  custom:audio-encoder-webm-vorbis: bf7c407c2cedff20999df2af8eb42d56 -> 
  custom:framework-win-MediaFoundation: 216162199b28c13a410421893ffa2e32 -> 
  custom:container-demuxer-ogg: 62fdf1f143b41e24485cea50d1cbac27 -> 
  custom:video-decoder-webm-vp8: 9c59270c3fd7afecdb556c50c9e8de78 -> 
  custom:audio-decoder-ogg-vorbis: bf7c407c2cedff20999df2af8eb42d56 -> 
========================================================================
Received Prepare
Registering precompiled user dll's ...
Registered in 0.004654 seconds.
Begin MonoManager ReloadAssembly
Symbol file LoadedFromMemory doesn't match image D:\Fall-in-Unknown\Fall in Unknown\Library\PackageCache\com.unity.visualscripting@1.7.6\Editor\VisualScripting.Core\Dependencies\YamlDotNet\Unity.VisualScripting.YamlDotNet.dll
Symbol file LoadedFromMemory doesn't match image D:\Fall-in-Unknown\Fall in Unknown\Library\PackageCache\com.unity.visualscripting@1.7.6\Editor\VisualScripting.Core\Dependencies\DotNetZip\Unity.VisualScripting.IonicZip.dll
Native extension for WindowsStandalone target not found
Refreshing native plugins compatible for Editor in 1.08 ms, found 4 plugins.
Preloading 0 native plugins for Editor in 0.00 ms.
Mono: successfully reloaded assembly
- Completed reload, in  1.446 seconds
Domain Reload Profiling:
	ReloadAssembly (1446ms)
		BeginReloadAssembly (150ms)
			ExecutionOrderSort (0ms)
			DisableScriptedObjects (7ms)
			BackupInstance (0ms)
			ReleaseScriptingObjects (0ms)
			CreateAndSetChildDomain (46ms)
		EndReloadAssembly (1216ms)
			LoadAssemblies (91ms)
			RebuildTransferFunctionScriptingTraits (0ms)
			SetupTypeCache (301ms)
			ReleaseScriptCaches (2ms)
			RebuildScriptCaches (72ms)
			SetupLoadedEditorAssemblies (630ms)
				LogAssemblyErrors (0ms)
				InitializePlatformSupportModulesInManaged (10ms)
				SetLoadedEditorAssemblies (0ms)
				RefreshPlugins (1ms)
				BeforeProcessingInitializeOnLoad (105ms)
				ProcessInitializeOnLoadAttributes (468ms)
				ProcessInitializeOnLoadMethodAttributes (39ms)
				AfterProcessingInitializeOnLoad (7ms)
				EditorAssembliesLoaded (0ms)
			ExecutionOrderSort2 (0ms)
			AwakeInstancesAfterBackupRestoration (23ms)
Platform modules already initialized, skipping
Refreshing native plugins compatible for Editor in 1.14 ms, found 4 plugins.
Preloading 0 native plugins for Editor in 0.00 ms.
Unloading 6947 Unused Serialized files (Serialized files now loaded: 0)
Unloading 51 unused Assets / (3.5 MB). Loaded Objects now: 8059.
Memory consumption went from 340.4 MB to 337.0 MB.
Total: 5.038300 ms (FindLiveObjects: 0.565300 ms CreateObjectMapping: 0.503900 ms MarkObjects: 3.449700 ms  DeleteObjects: 0.518500 ms)

AssetImportParameters requested are different than current active one (requested -> active):
  custom:video-decoder-ogg-theora: a1e56fd34408186e4bbccfd4996cb3dc -> 
  custom:container-muxer-webm: aa71ff27fc2769a1b78a27578f13a17b -> 
  custom:container-demuxer-webm: 4f35f7cbe854078d1ac9338744f61a02 -> 
  custom:video-encoder-webm-vp8: eb34c28f22e8b96e1ab97ce403110664 -> 
  custom:audio-encoder-webm-vorbis: bf7c407c2cedff20999df2af8eb42d56 -> 
  custom:framework-win-MediaFoundation: 216162199b28c13a410421893ffa2e32 -> 
  custom:container-demuxer-ogg: 62fdf1f143b41e24485cea50d1cbac27 -> 
  custom:video-decoder-webm-vp8: 9c59270c3fd7afecdb556c50c9e8de78 -> 
  custom:audio-decoder-ogg-vorbis: bf7c407c2cedff20999df2af8eb42d56 -> 
========================================================================
Received Import Request.
  Time since last request: 432.135779 seconds.
  path: Assets/Prefabs/Buildings/Mine.prefab
  artifactKey: Guid(6c51e0b5285318a49aee75c821bcbedb) Importer(815301076,1909f56bfc062723c751e8b465ee728b)
Start importing Assets/Prefabs/Buildings/Mine.prefab using Guid(6c51e0b5285318a49aee75c821bcbedb) Importer(815301076,1909f56bfc062723c751e8b465ee728b)  -> (artifact id: 'c949152d77f730c85cf35eb3bc780888') in 0.598217 seconds 
========================================================================
Received Import Request.
  Time since last request: 1.851932 seconds.
  path: Assets/Prefabs/Buildings/Mine.prefab
  artifactKey: Guid(6c51e0b5285318a49aee75c821bcbedb) Importer(815301076,1909f56bfc062723c751e8b465ee728b)
Start importing Assets/Prefabs/Buildings/Mine.prefab using Guid(6c51e0b5285318a49aee75c821bcbedb) Importer(815301076,1909f56bfc062723c751e8b465ee728b)  -> (artifact id: '548bfd914fa12fe86ecb2d43f75df9e5') in 0.017775 seconds 
========================================================================
Received Import Request.
  Time since last request: 1.869908 seconds.
  path: Assets/Prefabs/Buildings/Mine.prefab
  artifactKey: Guid(6c51e0b5285318a49aee75c821bcbedb) Importer(815301076,1909f56bfc062723c751e8b465ee728b)
Start importing Assets/Prefabs/Buildings/Mine.prefab using Guid(6c51e0b5285318a49aee75c821bcbedb) Importer(815301076,1909f56bfc062723c751e8b465ee728b)  -> (artifact id: 'abbd4a920ae51a3962b8e8383b218f81') in 0.015784 seconds 
========================================================================
Received Import Request.
  Time since last request: 21.261059 seconds.
  path: Assets/Prefabs/Buildings/Build.prefab
  artifactKey: Guid(47d711dbe4e3f1445941be6224434e30) Importer(815301076,1909f56bfc062723c751e8b465ee728b)
Start importing Assets/Prefabs/Buildings/Build.prefab using Guid(47d711dbe4e3f1445941be6224434e30) Importer(815301076,1909f56bfc062723c751e8b465ee728b)  -> (artifact id: '7fc096356b86afdde230083ed2017e7c') in 0.015613 seconds 
========================================================================
Received Import Request.
  Time since last request: 16.727591 seconds.
  path: Assets/Prefabs/Buildings/Mine.prefab
  artifactKey: Guid(6c51e0b5285318a49aee75c821bcbedb) Importer(815301076,1909f56bfc062723c751e8b465ee728b)
Start importing Assets/Prefabs/Buildings/Mine.prefab using Guid(6c51e0b5285318a49aee75c821bcbedb) Importer(815301076,1909f56bfc062723c751e8b465ee728b)  -> (artifact id: '1cf5a9325c9075b3b40124a098f82c4c') in 0.016074 seconds 
========================================================================
Received Import Request.
  Time since last request: 6.429894 seconds.
  path: Assets/Prefabs/Buildings/Ferme.prefab
  artifactKey: Guid(8c64b071dce2e7341902c4979ecc62c6) Importer(815301076,1909f56bfc062723c751e8b465ee728b)
Start importing Assets/Prefabs/Buildings/Ferme.prefab using Guid(8c64b071dce2e7341902c4979ecc62c6) Importer(815301076,1909f56bfc062723c751e8b465ee728b)  -> (artifact id: '19d42c775c140ccc49ad5335334307fe') in 0.015495 seconds 
========================================================================
Received Prepare
Registering precompiled user dll's ...
Registered in 0.004685 seconds.
Begin MonoManager ReloadAssembly
Symbol file LoadedFromMemory doesn't match image D:\Fall-in-Unknown\Fall in Unknown\Library\PackageCache\com.unity.visualscripting@1.7.6\Editor\VisualScripting.Core\Dependencies\YamlDotNet\Unity.VisualScripting.YamlDotNet.dll
Symbol file LoadedFromMemory doesn't match image D:\Fall-in-Unknown\Fall in Unknown\Library\PackageCache\com.unity.visualscripting@1.7.6\Editor\VisualScripting.Core\Dependencies\DotNetZip\Unity.VisualScripting.IonicZip.dll
Native extension for WindowsStandalone target not found
Refreshing native plugins compatible for Editor in 1.06 ms, found 4 plugins.
Preloading 0 native plugins for Editor in 0.00 ms.
Mono: successfully reloaded assembly
- Completed reload, in  1.501 seconds
Domain Reload Profiling:
	ReloadAssembly (1502ms)
		BeginReloadAssembly (195ms)
			ExecutionOrderSort (0ms)
			DisableScriptedObjects (31ms)
			BackupInstance (0ms)
			ReleaseScriptingObjects (0ms)
			CreateAndSetChildDomain (60ms)
		EndReloadAssembly (1210ms)
			LoadAssemblies (83ms)
			RebuildTransferFunctionScriptingTraits (0ms)
			SetupTypeCache (332ms)
			ReleaseScriptCaches (3ms)
			RebuildScriptCaches (79ms)
			SetupLoadedEditorAssemblies (592ms)
				LogAssemblyErrors (0ms)
				InitializePlatformSupportModulesInManaged (10ms)
				SetLoadedEditorAssemblies (0ms)
				RefreshPlugins (1ms)
				BeforeProcessingInitializeOnLoad (100ms)
				ProcessInitializeOnLoadAttributes (442ms)
				ProcessInitializeOnLoadMethodAttributes (32ms)
				AfterProcessingInitializeOnLoad (6ms)
				EditorAssembliesLoaded (0ms)
			ExecutionOrderSort2 (0ms)
			AwakeInstancesAfterBackupRestoration (19ms)
Platform modules already initialized, skipping
Refreshing native plugins compatible for Editor in 1.09 ms, found 4 plugins.
Preloading 0 native plugins for Editor in 0.00 ms.
Unloading 6948 Unused Serialized files (Serialized files now loaded: 0)
Unloading 51 unused Assets / (3.5 MB). Loaded Objects now: 8179.
Memory consumption went from 340.8 MB to 337.3 MB.
Total: 5.327700 ms (FindLiveObjects: 0.628700 ms CreateObjectMapping: 0.462600 ms MarkObjects: 3.800700 ms  DeleteObjects: 0.434500 ms)

AssetImportParameters requested are different than current active one (requested -> active):
  custom:video-decoder-ogg-theora: a1e56fd34408186e4bbccfd4996cb3dc -> 
  custom:container-muxer-webm: aa71ff27fc2769a1b78a27578f13a17b -> 
  custom:container-demuxer-webm: 4f35f7cbe854078d1ac9338744f61a02 -> 
  custom:video-encoder-webm-vp8: eb34c28f22e8b96e1ab97ce403110664 -> 
  custom:audio-encoder-webm-vorbis: bf7c407c2cedff20999df2af8eb42d56 -> 
  custom:framework-win-MediaFoundation: 216162199b28c13a410421893ffa2e32 -> 
  custom:container-demuxer-ogg: 62fdf1f143b41e24485cea50d1cbac27 -> 
  custom:video-decoder-webm-vp8: 9c59270c3fd7afecdb556c50c9e8de78 -> 
  custom:audio-decoder-ogg-vorbis: bf7c407c2cedff20999df2af8eb42d56 -> 
========================================================================
Received Prepare
Registering precompiled user dll's ...
Registered in 0.004774 seconds.
Begin MonoManager ReloadAssembly
Symbol file LoadedFromMemory doesn't match image D:\Fall-in-Unknown\Fall in Unknown\Library\PackageCache\com.unity.visualscripting@1.7.6\Editor\VisualScripting.Core\Dependencies\YamlDotNet\Unity.VisualScripting.YamlDotNet.dll
Symbol file LoadedFromMemory doesn't match image D:\Fall-in-Unknown\Fall in Unknown\Library\PackageCache\com.unity.visualscripting@1.7.6\Editor\VisualScripting.Core\Dependencies\DotNetZip\Unity.VisualScripting.IonicZip.dll
Native extension for WindowsStandalone target not found
Refreshing native plugins compatible for Editor in 1.06 ms, found 4 plugins.
Preloading 0 native plugins for Editor in 0.00 ms.
Mono: successfully reloaded assembly
- Completed reload, in  1.441 seconds
Domain Reload Profiling:
	ReloadAssembly (1442ms)
		BeginReloadAssembly (150ms)
			ExecutionOrderSort (0ms)
			DisableScriptedObjects (7ms)
			BackupInstance (0ms)
			ReleaseScriptingObjects (0ms)
			CreateAndSetChildDomain (47ms)
		EndReloadAssembly (1211ms)
			LoadAssemblies (92ms)
			RebuildTransferFunctionScriptingTraits (0ms)
			SetupTypeCache (326ms)
			ReleaseScriptCaches (2ms)
			RebuildScriptCaches (84ms)
			SetupLoadedEditorAssemblies (592ms)
				LogAssemblyErrors (0ms)
				InitializePlatformSupportModulesInManaged (10ms)
				SetLoadedEditorAssemblies (0ms)
				RefreshPlugins (1ms)
				BeforeProcessingInitializeOnLoad (99ms)
				ProcessInitializeOnLoadAttributes (443ms)
				ProcessInitializeOnLoadMethodAttributes (32ms)
				AfterProcessingInitializeOnLoad (6ms)
				EditorAssembliesLoaded (0ms)
			ExecutionOrderSort2 (0ms)
			AwakeInstancesAfterBackupRestoration (18ms)
Platform modules already initialized, skipping
Refreshing native plugins compatible for Editor in 1.09 ms, found 4 plugins.
Preloading 0 native plugins for Editor in 0.00 ms.
Unloading 6947 Unused Serialized files (Serialized files now loaded: 0)
Unloading 51 unused Assets / (3.5 MB). Loaded Objects now: 8193.
Memory consumption went from 340.6 MB to 337.1 MB.
Total: 4.527100 ms (FindLiveObjects: 0.571500 ms CreateObjectMapping: 0.480200 ms MarkObjects: 3.024400 ms  DeleteObjects: 0.450000 ms)

AssetImportParameters requested are different than current active one (requested -> active):
  custom:video-decoder-ogg-theora: a1e56fd34408186e4bbccfd4996cb3dc -> 
  custom:container-muxer-webm: aa71ff27fc2769a1b78a27578f13a17b -> 
  custom:container-demuxer-webm: 4f35f7cbe854078d1ac9338744f61a02 -> 
  custom:video-encoder-webm-vp8: eb34c28f22e8b96e1ab97ce403110664 -> 
  custom:audio-encoder-webm-vorbis: bf7c407c2cedff20999df2af8eb42d56 -> 
  custom:framework-win-MediaFoundation: 216162199b28c13a410421893ffa2e32 -> 
  custom:container-demuxer-ogg: 62fdf1f143b41e24485cea50d1cbac27 -> 
  custom:video-decoder-webm-vp8: 9c59270c3fd7afecdb556c50c9e8de78 -> 
  custom:audio-decoder-ogg-vorbis: bf7c407c2cedff20999df2af8eb42d56 -> 
========================================================================
Received Prepare
Registering precompiled user dll's ...
Registered in 0.004759 seconds.
Begin MonoManager ReloadAssembly
Symbol file LoadedFromMemory doesn't match image D:\Fall-in-Unknown\Fall in Unknown\Library\PackageCache\com.unity.visualscripting@1.7.6\Editor\VisualScripting.Core\Dependencies\YamlDotNet\Unity.VisualScripting.YamlDotNet.dll
Symbol file LoadedFromMemory doesn't match image D:\Fall-in-Unknown\Fall in Unknown\Library\PackageCache\com.unity.visualscripting@1.7.6\Editor\VisualScripting.Core\Dependencies\DotNetZip\Unity.VisualScripting.IonicZip.dll
Native extension for WindowsStandalone target not found
Refreshing native plugins compatible for Editor in 1.07 ms, found 4 plugins.
Preloading 0 native plugins for Editor in 0.00 ms.
Mono: successfully reloaded assembly
- Completed reload, in  1.452 seconds
Domain Reload Profiling:
	ReloadAssembly (1453ms)
		BeginReloadAssembly (150ms)
			ExecutionOrderSort (0ms)
			DisableScriptedObjects (7ms)
			BackupInstance (0ms)
			ReleaseScriptingObjects (0ms)
			CreateAndSetChildDomain (54ms)
		EndReloadAssembly (1221ms)
			LoadAssemblies (87ms)
			RebuildTransferFunctionScriptingTraits (0ms)
			SetupTypeCache (312ms)
			ReleaseScriptCaches (2ms)
			RebuildScriptCaches (84ms)
			SetupLoadedEditorAssemblies (611ms)
				LogAssemblyErrors (0ms)
				InitializePlatformSupportModulesInManaged (10ms)
				SetLoadedEditorAssemblies (0ms)
				RefreshPlugins (1ms)
				BeforeProcessingInitializeOnLoad (99ms)
				ProcessInitializeOnLoadAttributes (454ms)
				ProcessInitializeOnLoadMethodAttributes (35ms)
				AfterProcessingInitializeOnLoad (10ms)
				EditorAssembliesLoaded (0ms)
			ExecutionOrderSort2 (0ms)
			AwakeInstancesAfterBackupRestoration (19ms)
Platform modules already initialized, skipping
Refreshing native plugins compatible for Editor in 1.61 ms, found 4 plugins.
Preloading 0 native plugins for Editor in 0.00 ms.
Unloading 6947 Unused Serialized files (Serialized files now loaded: 0)
Unloading 51 unused Assets / (3.5 MB). Loaded Objects now: 8207.
Memory consumption went from 340.6 MB to 337.1 MB.
Total: 5.335900 ms (FindLiveObjects: 0.668000 ms CreateObjectMapping: 0.605200 ms MarkObjects: 3.564900 ms  DeleteObjects: 0.496600 ms)

AssetImportParameters requested are different than current active one (requested -> active):
  custom:video-decoder-ogg-theora: a1e56fd34408186e4bbccfd4996cb3dc -> 
  custom:container-muxer-webm: aa71ff27fc2769a1b78a27578f13a17b -> 
  custom:container-demuxer-webm: 4f35f7cbe854078d1ac9338744f61a02 -> 
  custom:video-encoder-webm-vp8: eb34c28f22e8b96e1ab97ce403110664 -> 
  custom:audio-encoder-webm-vorbis: bf7c407c2cedff20999df2af8eb42d56 -> 
  custom:framework-win-MediaFoundation: 216162199b28c13a410421893ffa2e32 -> 
  custom:container-demuxer-ogg: 62fdf1f143b41e24485cea50d1cbac27 -> 
  custom:video-decoder-webm-vp8: 9c59270c3fd7afecdb556c50c9e8de78 -> 
  custom:audio-decoder-ogg-vorbis: bf7c407c2cedff20999df2af8eb42d56 -> 
========================================================================
Received Import Request.
  Time since last request: 613.335888 seconds.
  path: Assets/Prefabs/Buildings/Scierie.prefab
  artifactKey: Guid(6799ea7b09b437c48b7fd4384a1376c7) Importer(815301076,1909f56bfc062723c751e8b465ee728b)
Start importing Assets/Prefabs/Buildings/Scierie.prefab using Guid(6799ea7b09b437c48b7fd4384a1376c7) Importer(815301076,1909f56bfc062723c751e8b465ee728b)  -> (artifact id: '0b1acf7b3a92fc5592b1b437d5649bd0') in 0.558037 seconds 
========================================================================
Received Import Request.
  Time since last request: 80.859187 seconds.
  path: Assets/Prefabs/Buildings/Scierie.prefab
  artifactKey: Guid(6799ea7b09b437c48b7fd4384a1376c7) Importer(815301076,1909f56bfc062723c751e8b465ee728b)
Start importing Assets/Prefabs/Buildings/Scierie.prefab using Guid(6799ea7b09b437c48b7fd4384a1376c7) Importer(815301076,1909f56bfc062723c751e8b465ee728b)  -> (artifact id: 'b13f69e6cff984a5a9c4dfe14b1d58d2') in 0.017482 seconds 
========================================================================
Received Import Request.
  Time since last request: 182.584072 seconds.
  path: Assets/Prefabs/Buildings/Scierie.prefab
  artifactKey: Guid(6799ea7b09b437c48b7fd4384a1376c7) Importer(815301076,1909f56bfc062723c751e8b465ee728b)
Start importing Assets/Prefabs/Buildings/Scierie.prefab using Guid(6799ea7b09b437c48b7fd4384a1376c7) Importer(815301076,1909f56bfc062723c751e8b465ee728b)  -> (artifact id: 'c37eeebe6e2dab70505bded4a42dd03c') in 0.023373 seconds 
========================================================================
Received Prepare
Registering precompiled user dll's ...
Registered in 0.007386 seconds.
Begin MonoManager ReloadAssembly
Symbol file LoadedFromMemory doesn't match image D:\Fall-in-Unknown\Fall in Unknown\Library\PackageCache\com.unity.visualscripting@1.7.6\Editor\VisualScripting.Core\Dependencies\YamlDotNet\Unity.VisualScripting.YamlDotNet.dll
Symbol file LoadedFromMemory doesn't match image D:\Fall-in-Unknown\Fall in Unknown\Library\PackageCache\com.unity.visualscripting@1.7.6\Editor\VisualScripting.Core\Dependencies\DotNetZip\Unity.VisualScripting.IonicZip.dll
Native extension for WindowsStandalone target not found
Refreshing native plugins compatible for Editor in 1.78 ms, found 4 plugins.
Preloading 0 native plugins for Editor in 0.00 ms.
Mono: successfully reloaded assembly
- Completed reload, in  1.461 seconds
Domain Reload Profiling:
	ReloadAssembly (1462ms)
		BeginReloadAssembly (191ms)
			ExecutionOrderSort (0ms)
			DisableScriptedObjects (29ms)
			BackupInstance (0ms)
			ReleaseScriptingObjects (0ms)
			CreateAndSetChildDomain (66ms)
		EndReloadAssembly (1185ms)
			LoadAssemblies (80ms)
			RebuildTransferFunctionScriptingTraits (0ms)
			SetupTypeCache (299ms)
			ReleaseScriptCaches (3ms)
			RebuildScriptCaches (77ms)
			SetupLoadedEditorAssemblies (591ms)
				LogAssemblyErrors (0ms)
				InitializePlatformSupportModulesInManaged (11ms)
				SetLoadedEditorAssemblies (0ms)
				RefreshPlugins (2ms)
				BeforeProcessingInitializeOnLoad (102ms)
				ProcessInitializeOnLoadAttributes (438ms)
				ProcessInitializeOnLoadMethodAttributes (32ms)
				AfterProcessingInitializeOnLoad (6ms)
				EditorAssembliesLoaded (0ms)
			ExecutionOrderSort2 (0ms)
			AwakeInstancesAfterBackupRestoration (25ms)
Platform modules already initialized, skipping
Refreshing native plugins compatible for Editor in 1.03 ms, found 4 plugins.
Preloading 0 native plugins for Editor in 0.00 ms.
Unloading 6947 Unused Serialized files (Serialized files now loaded: 0)
Unloading 51 unused Assets / (3.5 MB). Loaded Objects now: 8326.
Memory consumption went from 340.9 MB to 337.4 MB.
Total: 6.271400 ms (FindLiveObjects: 0.623300 ms CreateObjectMapping: 0.523200 ms MarkObjects: 4.698800 ms  DeleteObjects: 0.425000 ms)

AssetImportParameters requested are different than current active one (requested -> active):
  custom:video-decoder-ogg-theora: a1e56fd34408186e4bbccfd4996cb3dc -> 
  custom:container-muxer-webm: aa71ff27fc2769a1b78a27578f13a17b -> 
  custom:container-demuxer-webm: 4f35f7cbe854078d1ac9338744f61a02 -> 
  custom:video-encoder-webm-vp8: eb34c28f22e8b96e1ab97ce403110664 -> 
  custom:audio-encoder-webm-vorbis: bf7c407c2cedff20999df2af8eb42d56 -> 
  custom:framework-win-MediaFoundation: 216162199b28c13a410421893ffa2e32 -> 
  custom:container-demuxer-ogg: 62fdf1f143b41e24485cea50d1cbac27 -> 
  custom:video-decoder-webm-vp8: 9c59270c3fd7afecdb556c50c9e8de78 -> 
  custom:audio-decoder-ogg-vorbis: bf7c407c2cedff20999df2af8eb42d56 -> 
========================================================================
Received Prepare
Registering precompiled user dll's ...
Registered in 0.005308 seconds.
Begin MonoManager ReloadAssembly
Symbol file LoadedFromMemory doesn't match image D:\Fall-in-Unknown\Fall in Unknown\Library\PackageCache\com.unity.visualscripting@1.7.6\Editor\VisualScripting.Core\Dependencies\YamlDotNet\Unity.VisualScripting.YamlDotNet.dll
Symbol file LoadedFromMemory doesn't match image D:\Fall-in-Unknown\Fall in Unknown\Library\PackageCache\com.unity.visualscripting@1.7.6\Editor\VisualScripting.Core\Dependencies\DotNetZip\Unity.VisualScripting.IonicZip.dll
Native extension for WindowsStandalone target not found
Refreshing native plugins compatible for Editor in 1.11 ms, found 4 plugins.
Preloading 0 native plugins for Editor in 0.00 ms.
Mono: successfully reloaded assembly
- Completed reload, in  1.443 seconds
Domain Reload Profiling:
	ReloadAssembly (1444ms)
		BeginReloadAssembly (151ms)
			ExecutionOrderSort (0ms)
			DisableScriptedObjects (7ms)
			BackupInstance (0ms)
			ReleaseScriptingObjects (0ms)
			CreateAndSetChildDomain (57ms)
		EndReloadAssembly (1212ms)
			LoadAssemblies (79ms)
			RebuildTransferFunctionScriptingTraits (0ms)
			SetupTypeCache (302ms)
			ReleaseScriptCaches (2ms)
			RebuildScriptCaches (71ms)
			SetupLoadedEditorAssemblies (629ms)
				LogAssemblyErrors (0ms)
				InitializePlatformSupportModulesInManaged (10ms)
				SetLoadedEditorAssemblies (0ms)
				RefreshPlugins (1ms)
				BeforeProcessingInitializeOnLoad (104ms)
				ProcessInitializeOnLoadAttributes (467ms)
				ProcessInitializeOnLoadMethodAttributes (40ms)
				AfterProcessingInitializeOnLoad (6ms)
				EditorAssembliesLoaded (0ms)
			ExecutionOrderSort2 (0ms)
			AwakeInstancesAfterBackupRestoration (21ms)
Platform modules already initialized, skipping
Refreshing native plugins compatible for Editor in 1.10 ms, found 4 plugins.
Preloading 0 native plugins for Editor in 0.00 ms.
Unloading 6947 Unused Serialized files (Serialized files now loaded: 0)
Unloading 51 unused Assets / (3.5 MB). Loaded Objects now: 8340.
Memory consumption went from 340.8 MB to 337.3 MB.
Total: 4.981700 ms (FindLiveObjects: 0.601200 ms CreateObjectMapping: 0.622900 ms MarkObjects: 3.289300 ms  DeleteObjects: 0.467300 ms)

AssetImportParameters requested are different than current active one (requested -> active):
  custom:video-decoder-ogg-theora: a1e56fd34408186e4bbccfd4996cb3dc -> 
  custom:container-muxer-webm: aa71ff27fc2769a1b78a27578f13a17b -> 
  custom:container-demuxer-webm: 4f35f7cbe854078d1ac9338744f61a02 -> 
  custom:video-encoder-webm-vp8: eb34c28f22e8b96e1ab97ce403110664 -> 
  custom:audio-encoder-webm-vorbis: bf7c407c2cedff20999df2af8eb42d56 -> 
  custom:framework-win-MediaFoundation: 216162199b28c13a410421893ffa2e32 -> 
  custom:container-demuxer-ogg: 62fdf1f143b41e24485cea50d1cbac27 -> 
  custom:video-decoder-webm-vp8: 9c59270c3fd7afecdb556c50c9e8de78 -> 
  custom:audio-decoder-ogg-vorbis: bf7c407c2cedff20999df2af8eb42d56 -> 
========================================================================
Received Import Request.
  Time since last request: 33.812956 seconds.
  path: Assets/Prefabs/Buildings/Rempart.prefab
  artifactKey: Guid(5f858bd1bacd5ab4ea3d3dbc41ce95de) Importer(815301076,1909f56bfc062723c751e8b465ee728b)
Start importing Assets/Prefabs/Buildings/Rempart.prefab using Guid(5f858bd1bacd5ab4ea3d3dbc41ce95de) Importer(815301076,1909f56bfc062723c751e8b465ee728b)  -> (artifact id: '3ada941984bedcf66f442730bf170c36') in 0.491441 seconds 
========================================================================
Received Import Request.
  Time since last request: 2.182541 seconds.
  path: Assets/Prefabs/Buildings/Mine.prefab
  artifactKey: Guid(6c51e0b5285318a49aee75c821bcbedb) Importer(815301076,1909f56bfc062723c751e8b465ee728b)
Start importing Assets/Prefabs/Buildings/Mine.prefab using Guid(6c51e0b5285318a49aee75c821bcbedb) Importer(815301076,1909f56bfc062723c751e8b465ee728b)  -> (artifact id: 'ad591f5d9f2bd0d2bf382700c518a144') in 0.017619 seconds 
========================================================================
Received Prepare
Registering precompiled user dll's ...
Registered in 0.004705 seconds.
Begin MonoManager ReloadAssembly
Symbol file LoadedFromMemory doesn't match image D:\Fall-in-Unknown\Fall in Unknown\Library\PackageCache\com.unity.visualscripting@1.7.6\Editor\VisualScripting.Core\Dependencies\YamlDotNet\Unity.VisualScripting.YamlDotNet.dll
Symbol file LoadedFromMemory doesn't match image D:\Fall-in-Unknown\Fall in Unknown\Library\PackageCache\com.unity.visualscripting@1.7.6\Editor\VisualScripting.Core\Dependencies\DotNetZip\Unity.VisualScripting.IonicZip.dll
Native extension for WindowsStandalone target not found
Refreshing native plugins compatible for Editor in 1.02 ms, found 4 plugins.
Preloading 0 native plugins for Editor in 0.00 ms.
Mono: successfully reloaded assembly
- Completed reload, in  1.493 seconds
Domain Reload Profiling:
	ReloadAssembly (1494ms)
		BeginReloadAssembly (185ms)
			ExecutionOrderSort (0ms)
			DisableScriptedObjects (28ms)
			BackupInstance (0ms)
			ReleaseScriptingObjects (0ms)
			CreateAndSetChildDomain (55ms)
		EndReloadAssembly (1229ms)
			LoadAssemblies (80ms)
			RebuildTransferFunctionScriptingTraits (0ms)
			SetupTypeCache (308ms)
			ReleaseScriptCaches (2ms)
			RebuildScriptCaches (86ms)
			SetupLoadedEditorAssemblies (613ms)
				LogAssemblyErrors (0ms)
				InitializePlatformSupportModulesInManaged (10ms)
				SetLoadedEditorAssemblies (0ms)
				RefreshPlugins (1ms)
				BeforeProcessingInitializeOnLoad (99ms)
				ProcessInitializeOnLoadAttributes (463ms)
				ProcessInitializeOnLoadMethodAttributes (32ms)
				AfterProcessingInitializeOnLoad (8ms)
				EditorAssembliesLoaded (0ms)
			ExecutionOrderSort2 (0ms)
			AwakeInstancesAfterBackupRestoration (30ms)
Platform modules already initialized, skipping
Refreshing native plugins compatible for Editor in 1.25 ms, found 4 plugins.
Preloading 0 native plugins for Editor in 0.00 ms.
Unloading 6947 Unused Serialized files (Serialized files now loaded: 0)
Unloading 51 unused Assets / (3.5 MB). Loaded Objects now: 8459.
Memory consumption went from 341.2 MB to 337.7 MB.
Total: 5.568400 ms (FindLiveObjects: 0.672400 ms CreateObjectMapping: 0.513600 ms MarkObjects: 3.734900 ms  DeleteObjects: 0.646300 ms)

AssetImportParameters requested are different than current active one (requested -> active):
  custom:video-decoder-ogg-theora: a1e56fd34408186e4bbccfd4996cb3dc -> 
  custom:container-muxer-webm: aa71ff27fc2769a1b78a27578f13a17b -> 
  custom:container-demuxer-webm: 4f35f7cbe854078d1ac9338744f61a02 -> 
  custom:video-encoder-webm-vp8: eb34c28f22e8b96e1ab97ce403110664 -> 
  custom:audio-encoder-webm-vorbis: bf7c407c2cedff20999df2af8eb42d56 -> 
  custom:framework-win-MediaFoundation: 216162199b28c13a410421893ffa2e32 -> 
  custom:container-demuxer-ogg: 62fdf1f143b41e24485cea50d1cbac27 -> 
  custom:video-decoder-webm-vp8: 9c59270c3fd7afecdb556c50c9e8de78 -> 
  custom:audio-decoder-ogg-vorbis: bf7c407c2cedff20999df2af8eb42d56 -> 
========================================================================
Received Prepare
Registering precompiled user dll's ...
Registered in 0.005490 seconds.
Begin MonoManager ReloadAssembly
Symbol file LoadedFromMemory doesn't match image D:\Fall-in-Unknown\Fall in Unknown\Library\PackageCache\com.unity.visualscripting@1.7.6\Editor\VisualScripting.Core\Dependencies\YamlDotNet\Unity.VisualScripting.YamlDotNet.dll
Symbol file LoadedFromMemory doesn't match image D:\Fall-in-Unknown\Fall in Unknown\Library\PackageCache\com.unity.visualscripting@1.7.6\Editor\VisualScripting.Core\Dependencies\DotNetZip\Unity.VisualScripting.IonicZip.dll
Native extension for WindowsStandalone target not found
Refreshing native plugins compatible for Editor in 1.06 ms, found 4 plugins.
Preloading 0 native plugins for Editor in 0.00 ms.
Mono: successfully reloaded assembly
- Completed reload, in  1.438 seconds
Domain Reload Profiling:
	ReloadAssembly (1439ms)
		BeginReloadAssembly (155ms)
			ExecutionOrderSort (0ms)
			DisableScriptedObjects (7ms)
			BackupInstance (0ms)
			ReleaseScriptingObjects (0ms)
			CreateAndSetChildDomain (47ms)
		EndReloadAssembly (1193ms)
			LoadAssemblies (81ms)
			RebuildTransferFunctionScriptingTraits (0ms)
			SetupTypeCache (301ms)
			ReleaseScriptCaches (2ms)
			RebuildScriptCaches (77ms)
			SetupLoadedEditorAssemblies (599ms)
				LogAssemblyErrors (0ms)
				InitializePlatformSupportModulesInManaged (11ms)
				SetLoadedEditorAssemblies (0ms)
				RefreshPlugins (1ms)
				BeforeProcessingInitializeOnLoad (100ms)
				ProcessInitializeOnLoadAttributes (447ms)
				ProcessInitializeOnLoadMethodAttributes (32ms)
				AfterProcessingInitializeOnLoad (7ms)
				EditorAssembliesLoaded (0ms)
			ExecutionOrderSort2 (0ms)
			AwakeInstancesAfterBackupRestoration (21ms)
Platform modules already initialized, skipping
Refreshing native plugins compatible for Editor in 1.07 ms, found 4 plugins.
Preloading 0 native plugins for Editor in 0.00 ms.
Unloading 6947 Unused Serialized files (Serialized files now loaded: 0)
Unloading 51 unused Assets / (3.5 MB). Loaded Objects now: 8473.
Memory consumption went from 341.0 MB to 337.5 MB.
Total: 5.167800 ms (FindLiveObjects: 0.635000 ms CreateObjectMapping: 0.505000 ms MarkObjects: 3.582900 ms  DeleteObjects: 0.443800 ms)

AssetImportParameters requested are different than current active one (requested -> active):
  custom:video-decoder-ogg-theora: a1e56fd34408186e4bbccfd4996cb3dc -> 
  custom:container-muxer-webm: aa71ff27fc2769a1b78a27578f13a17b -> 
  custom:container-demuxer-webm: 4f35f7cbe854078d1ac9338744f61a02 -> 
  custom:video-encoder-webm-vp8: eb34c28f22e8b96e1ab97ce403110664 -> 
  custom:audio-encoder-webm-vorbis: bf7c407c2cedff20999df2af8eb42d56 -> 
  custom:framework-win-MediaFoundation: 216162199b28c13a410421893ffa2e32 -> 
  custom:container-demuxer-ogg: 62fdf1f143b41e24485cea50d1cbac27 -> 
  custom:video-decoder-webm-vp8: 9c59270c3fd7afecdb556c50c9e8de78 -> 
  custom:audio-decoder-ogg-vorbis: bf7c407c2cedff20999df2af8eb42d56 -> 
========================================================================
Received Prepare
Registering precompiled user dll's ...
Registered in 0.005277 seconds.
Begin MonoManager ReloadAssembly
Symbol file LoadedFromMemory doesn't match image D:\Fall-in-Unknown\Fall in Unknown\Library\PackageCache\com.unity.visualscripting@1.7.6\Editor\VisualScripting.Core\Dependencies\YamlDotNet\Unity.VisualScripting.YamlDotNet.dll
Symbol file LoadedFromMemory doesn't match image D:\Fall-in-Unknown\Fall in Unknown\Library\PackageCache\com.unity.visualscripting@1.7.6\Editor\VisualScripting.Core\Dependencies\DotNetZip\Unity.VisualScripting.IonicZip.dll
Native extension for WindowsStandalone target not found
Refreshing native plugins compatible for Editor in 1.09 ms, found 4 plugins.
Preloading 0 native plugins for Editor in 0.00 ms.
Mono: successfully reloaded assembly
- Completed reload, in  1.454 seconds
Domain Reload Profiling:
	ReloadAssembly (1455ms)
		BeginReloadAssembly (152ms)
			ExecutionOrderSort (0ms)
			DisableScriptedObjects (7ms)
			BackupInstance (0ms)
			ReleaseScriptingObjects (0ms)
			CreateAndSetChildDomain (56ms)
		EndReloadAssembly (1222ms)
			LoadAssemblies (81ms)
			RebuildTransferFunctionScriptingTraits (0ms)
			SetupTypeCache (304ms)
			ReleaseScriptCaches (2ms)
			RebuildScriptCaches (71ms)
			SetupLoadedEditorAssemblies (630ms)
				LogAssemblyErrors (0ms)
				InitializePlatformSupportModulesInManaged (10ms)
				SetLoadedEditorAssemblies (0ms)
				RefreshPlugins (1ms)
				BeforeProcessingInitializeOnLoad (106ms)
				ProcessInitializeOnLoadAttributes (466ms)
				ProcessInitializeOnLoadMethodAttributes (39ms)
				AfterProcessingInitializeOnLoad (6ms)
				EditorAssembliesLoaded (0ms)
			ExecutionOrderSort2 (0ms)
			AwakeInstancesAfterBackupRestoration (26ms)
Platform modules already initialized, skipping
Refreshing native plugins compatible for Editor in 1.11 ms, found 4 plugins.
Preloading 0 native plugins for Editor in 0.00 ms.
Unloading 6947 Unused Serialized files (Serialized files now loaded: 0)
Unloading 51 unused Assets / (3.5 MB). Loaded Objects now: 8487.
Memory consumption went from 341.0 MB to 337.5 MB.
Total: 5.763300 ms (FindLiveObjects: 0.686400 ms CreateObjectMapping: 0.851100 ms MarkObjects: 3.686700 ms  DeleteObjects: 0.537600 ms)

AssetImportParameters requested are different than current active one (requested -> active):
  custom:video-decoder-ogg-theora: a1e56fd34408186e4bbccfd4996cb3dc -> 
  custom:container-muxer-webm: aa71ff27fc2769a1b78a27578f13a17b -> 
  custom:container-demuxer-webm: 4f35f7cbe854078d1ac9338744f61a02 -> 
  custom:video-encoder-webm-vp8: eb34c28f22e8b96e1ab97ce403110664 -> 
  custom:audio-encoder-webm-vorbis: bf7c407c2cedff20999df2af8eb42d56 -> 
  custom:framework-win-MediaFoundation: 216162199b28c13a410421893ffa2e32 -> 
  custom:container-demuxer-ogg: 62fdf1f143b41e24485cea50d1cbac27 -> 
  custom:video-decoder-webm-vp8: 9c59270c3fd7afecdb556c50c9e8de78 -> 
  custom:audio-decoder-ogg-vorbis: bf7c407c2cedff20999df2af8eb42d56 -> 
========================================================================
Received Prepare
Registering precompiled user dll's ...
Registered in 0.004685 seconds.
Begin MonoManager ReloadAssembly
Symbol file LoadedFromMemory doesn't match image D:\Fall-in-Unknown\Fall in Unknown\Library\PackageCache\com.unity.visualscripting@1.7.6\Editor\VisualScripting.Core\Dependencies\YamlDotNet\Unity.VisualScripting.YamlDotNet.dll
Symbol file LoadedFromMemory doesn't match image D:\Fall-in-Unknown\Fall in Unknown\Library\PackageCache\com.unity.visualscripting@1.7.6\Editor\VisualScripting.Core\Dependencies\DotNetZip\Unity.VisualScripting.IonicZip.dll
Native extension for WindowsStandalone target not found
Refreshing native plugins compatible for Editor in 1.09 ms, found 4 plugins.
Preloading 0 native plugins for Editor in 0.00 ms.
Mono: successfully reloaded assembly
- Completed reload, in  1.499 seconds
Domain Reload Profiling:
	ReloadAssembly (1501ms)
		BeginReloadAssembly (169ms)
			ExecutionOrderSort (0ms)
			DisableScriptedObjects (7ms)
			BackupInstance (0ms)
			ReleaseScriptingObjects (0ms)
			CreateAndSetChildDomain (54ms)
		EndReloadAssembly (1250ms)
			LoadAssemblies (89ms)
			RebuildTransferFunctionScriptingTraits (0ms)
			SetupTypeCache (315ms)
			ReleaseScriptCaches (2ms)
			RebuildScriptCaches (71ms)
			SetupLoadedEditorAssemblies (633ms)
				LogAssemblyErrors (0ms)
				InitializePlatformSupportModulesInManaged (10ms)
				SetLoadedEditorAssemblies (0ms)
				RefreshPlugins (1ms)
				BeforeProcessingInitializeOnLoad (101ms)
				ProcessInitializeOnLoadAttributes (473ms)
				ProcessInitializeOnLoadMethodAttributes (38ms)
				AfterProcessingInitializeOnLoad (9ms)
				EditorAssembliesLoaded (0ms)
			ExecutionOrderSort2 (0ms)
			AwakeInstancesAfterBackupRestoration (25ms)
Platform modules already initialized, skipping
Refreshing native plugins compatible for Editor in 1.10 ms, found 4 plugins.
Preloading 0 native plugins for Editor in 0.00 ms.
Unloading 6947 Unused Serialized files (Serialized files now loaded: 0)
Unloading 51 unused Assets / (3.5 MB). Loaded Objects now: 8501.
Memory consumption went from 341.0 MB to 337.6 MB.
Total: 5.069800 ms (FindLiveObjects: 0.642800 ms CreateObjectMapping: 0.521900 ms MarkObjects: 3.453300 ms  DeleteObjects: 0.450300 ms)

AssetImportParameters requested are different than current active one (requested -> active):
  custom:video-decoder-ogg-theora: a1e56fd34408186e4bbccfd4996cb3dc -> 
  custom:container-muxer-webm: aa71ff27fc2769a1b78a27578f13a17b -> 
  custom:container-demuxer-webm: 4f35f7cbe854078d1ac9338744f61a02 -> 
  custom:video-encoder-webm-vp8: eb34c28f22e8b96e1ab97ce403110664 -> 
  custom:audio-encoder-webm-vorbis: bf7c407c2cedff20999df2af8eb42d56 -> 
  custom:framework-win-MediaFoundation: 216162199b28c13a410421893ffa2e32 -> 
  custom:container-demuxer-ogg: 62fdf1f143b41e24485cea50d1cbac27 -> 
  custom:video-decoder-webm-vp8: 9c59270c3fd7afecdb556c50c9e8de78 -> 
  custom:audio-decoder-ogg-vorbis: bf7c407c2cedff20999df2af8eb42d56 -> 
========================================================================
Received Prepare
Registering precompiled user dll's ...
Registered in 0.004739 seconds.
Begin MonoManager ReloadAssembly
Symbol file LoadedFromMemory doesn't match image D:\Fall-in-Unknown\Fall in Unknown\Library\PackageCache\com.unity.visualscripting@1.7.6\Editor\VisualScripting.Core\Dependencies\YamlDotNet\Unity.VisualScripting.YamlDotNet.dll
Symbol file LoadedFromMemory doesn't match image D:\Fall-in-Unknown\Fall in Unknown\Library\PackageCache\com.unity.visualscripting@1.7.6\Editor\VisualScripting.Core\Dependencies\DotNetZip\Unity.VisualScripting.IonicZip.dll
Native extension for WindowsStandalone target not found
Refreshing native plugins compatible for Editor in 1.09 ms, found 4 plugins.
Preloading 0 native plugins for Editor in 0.00 ms.
Mono: successfully reloaded assembly
- Completed reload, in  1.447 seconds
Domain Reload Profiling:
	ReloadAssembly (1448ms)
		BeginReloadAssembly (144ms)
			ExecutionOrderSort (0ms)
			DisableScriptedObjects (7ms)
			BackupInstance (0ms)
			ReleaseScriptingObjects (0ms)
			CreateAndSetChildDomain (44ms)
		EndReloadAssembly (1223ms)
			LoadAssemblies (81ms)
			RebuildTransferFunctionScriptingTraits (0ms)
			SetupTypeCache (296ms)
			ReleaseScriptCaches (2ms)
			RebuildScriptCaches (75ms)
			SetupLoadedEditorAssemblies (632ms)
				LogAssemblyErrors (0ms)
				InitializePlatformSupportModulesInManaged (10ms)
				SetLoadedEditorAssemblies (0ms)
				RefreshPlugins (1ms)
				BeforeProcessingInitializeOnLoad (110ms)
				ProcessInitializeOnLoadAttributes (463ms)
				ProcessInitializeOnLoadMethodAttributes (40ms)
				AfterProcessingInitializeOnLoad (7ms)
				EditorAssembliesLoaded (0ms)
			ExecutionOrderSort2 (0ms)
			AwakeInstancesAfterBackupRestoration (25ms)
Platform modules already initialized, skipping
Refreshing native plugins compatible for Editor in 1.27 ms, found 4 plugins.
Preloading 0 native plugins for Editor in 0.00 ms.
Unloading 6947 Unused Serialized files (Serialized files now loaded: 0)
Unloading 51 unused Assets / (3.5 MB). Loaded Objects now: 8515.
Memory consumption went from 341.0 MB to 337.6 MB.
Total: 6.377800 ms (FindLiveObjects: 0.655500 ms CreateObjectMapping: 0.671800 ms MarkObjects: 4.403100 ms  DeleteObjects: 0.646300 ms)

AssetImportParameters requested are different than current active one (requested -> active):
  custom:video-decoder-ogg-theora: a1e56fd34408186e4bbccfd4996cb3dc -> 
  custom:container-muxer-webm: aa71ff27fc2769a1b78a27578f13a17b -> 
  custom:container-demuxer-webm: 4f35f7cbe854078d1ac9338744f61a02 -> 
  custom:video-encoder-webm-vp8: eb34c28f22e8b96e1ab97ce403110664 -> 
  custom:audio-encoder-webm-vorbis: bf7c407c2cedff20999df2af8eb42d56 -> 
  custom:framework-win-MediaFoundation: 216162199b28c13a410421893ffa2e32 -> 
  custom:container-demuxer-ogg: 62fdf1f143b41e24485cea50d1cbac27 -> 
  custom:video-decoder-webm-vp8: 9c59270c3fd7afecdb556c50c9e8de78 -> 
  custom:audio-decoder-ogg-vorbis: bf7c407c2cedff20999df2af8eb42d56 -> 
========================================================================
Received Prepare
Registering precompiled user dll's ...
Registered in 0.004700 seconds.
Begin MonoManager ReloadAssembly
Symbol file LoadedFromMemory doesn't match image D:\Fall-in-Unknown\Fall in Unknown\Library\PackageCache\com.unity.visualscripting@1.7.6\Editor\VisualScripting.Core\Dependencies\YamlDotNet\Unity.VisualScripting.YamlDotNet.dll
Symbol file LoadedFromMemory doesn't match image D:\Fall-in-Unknown\Fall in Unknown\Library\PackageCache\com.unity.visualscripting@1.7.6\Editor\VisualScripting.Core\Dependencies\DotNetZip\Unity.VisualScripting.IonicZip.dll
Native extension for WindowsStandalone target not found
Refreshing native plugins compatible for Editor in 1.07 ms, found 4 plugins.
Preloading 0 native plugins for Editor in 0.00 ms.
Mono: successfully reloaded assembly
- Completed reload, in  1.453 seconds
Domain Reload Profiling:
	ReloadAssembly (1453ms)
		BeginReloadAssembly (153ms)
			ExecutionOrderSort (0ms)
			DisableScriptedObjects (7ms)
			BackupInstance (0ms)
			ReleaseScriptingObjects (0ms)
			CreateAndSetChildDomain (55ms)
		EndReloadAssembly (1217ms)
			LoadAssemblies (83ms)
			RebuildTransferFunctionScriptingTraits (0ms)
			SetupTypeCache (301ms)
			ReleaseScriptCaches (2ms)
			RebuildScriptCaches (85ms)
			SetupLoadedEditorAssemblies (609ms)
				LogAssemblyErrors (0ms)
				InitializePlatformSupportModulesInManaged (10ms)
				SetLoadedEditorAssemblies (0ms)
				RefreshPlugins (1ms)
				BeforeProcessingInitializeOnLoad (100ms)
				ProcessInitializeOnLoadAttributes (457ms)
				ProcessInitializeOnLoadMethodAttributes (33ms)
				AfterProcessingInitializeOnLoad (7ms)
				EditorAssembliesLoaded (0ms)
			ExecutionOrderSort2 (0ms)
			AwakeInstancesAfterBackupRestoration (21ms)
Platform modules already initialized, skipping
Refreshing native plugins compatible for Editor in 1.06 ms, found 4 plugins.
Preloading 0 native plugins for Editor in 0.00 ms.
Unloading 6947 Unused Serialized files (Serialized files now loaded: 0)
Unloading 51 unused Assets / (3.5 MB). Loaded Objects now: 8529.
Memory consumption went from 341.1 MB to 337.6 MB.
Total: 5.427300 ms (FindLiveObjects: 0.571500 ms CreateObjectMapping: 0.450200 ms MarkObjects: 3.974300 ms  DeleteObjects: 0.430400 ms)

AssetImportParameters requested are different than current active one (requested -> active):
  custom:video-decoder-ogg-theora: a1e56fd34408186e4bbccfd4996cb3dc -> 
  custom:container-muxer-webm: aa71ff27fc2769a1b78a27578f13a17b -> 
  custom:container-demuxer-webm: 4f35f7cbe854078d1ac9338744f61a02 -> 
  custom:video-encoder-webm-vp8: eb34c28f22e8b96e1ab97ce403110664 -> 
  custom:audio-encoder-webm-vorbis: bf7c407c2cedff20999df2af8eb42d56 -> 
  custom:framework-win-MediaFoundation: 216162199b28c13a410421893ffa2e32 -> 
  custom:container-demuxer-ogg: 62fdf1f143b41e24485cea50d1cbac27 -> 
  custom:video-decoder-webm-vp8: 9c59270c3fd7afecdb556c50c9e8de78 -> 
  custom:audio-decoder-ogg-vorbis: bf7c407c2cedff20999df2af8eb42d56 -> 
========================================================================
Received Prepare
Registering precompiled user dll's ...
Registered in 0.004657 seconds.
Begin MonoManager ReloadAssembly
Symbol file LoadedFromMemory doesn't match image D:\Fall-in-Unknown\Fall in Unknown\Library\PackageCache\com.unity.visualscripting@1.7.6\Editor\VisualScripting.Core\Dependencies\YamlDotNet\Unity.VisualScripting.YamlDotNet.dll
Symbol file LoadedFromMemory doesn't match image D:\Fall-in-Unknown\Fall in Unknown\Library\PackageCache\com.unity.visualscripting@1.7.6\Editor\VisualScripting.Core\Dependencies\DotNetZip\Unity.VisualScripting.IonicZip.dll
Native extension for WindowsStandalone target not found
Refreshing native plugins compatible for Editor in 1.10 ms, found 4 plugins.
Preloading 0 native plugins for Editor in 0.00 ms.
Mono: successfully reloaded assembly
- Completed reload, in  1.457 seconds
Domain Reload Profiling:
	ReloadAssembly (1457ms)
		BeginReloadAssembly (150ms)
			ExecutionOrderSort (0ms)
			DisableScriptedObjects (7ms)
			BackupInstance (0ms)
			ReleaseScriptingObjects (0ms)
			CreateAndSetChildDomain (46ms)
		EndReloadAssembly (1222ms)
			LoadAssemblies (93ms)
			RebuildTransferFunctionScriptingTraits (0ms)
			SetupTypeCache (308ms)
			ReleaseScriptCaches (2ms)
			RebuildScriptCaches (73ms)
			SetupLoadedEditorAssemblies (627ms)
				LogAssemblyErrors (0ms)
				InitializePlatformSupportModulesInManaged (10ms)
				SetLoadedEditorAssemblies (0ms)
				RefreshPlugins (1ms)
				BeforeProcessingInitializeOnLoad (104ms)
				ProcessInitializeOnLoadAttributes (467ms)
				ProcessInitializeOnLoadMethodAttributes (38ms)
				AfterProcessingInitializeOnLoad (6ms)
				EditorAssembliesLoaded (0ms)
			ExecutionOrderSort2 (0ms)
			AwakeInstancesAfterBackupRestoration (21ms)
Platform modules already initialized, skipping
Refreshing native plugins compatible for Editor in 1.15 ms, found 4 plugins.
Preloading 0 native plugins for Editor in 0.00 ms.
Unloading 6947 Unused Serialized files (Serialized files now loaded: 0)
Unloading 51 unused Assets / (3.5 MB). Loaded Objects now: 8543.
Memory consumption went from 341.1 MB to 337.6 MB.
Total: 5.980700 ms (FindLiveObjects: 0.765200 ms CreateObjectMapping: 0.672800 ms MarkObjects: 4.074900 ms  DeleteObjects: 0.466400 ms)

AssetImportParameters requested are different than current active one (requested -> active):
  custom:video-decoder-ogg-theora: a1e56fd34408186e4bbccfd4996cb3dc -> 
  custom:container-muxer-webm: aa71ff27fc2769a1b78a27578f13a17b -> 
  custom:container-demuxer-webm: 4f35f7cbe854078d1ac9338744f61a02 -> 
  custom:video-encoder-webm-vp8: eb34c28f22e8b96e1ab97ce403110664 -> 
  custom:audio-encoder-webm-vorbis: bf7c407c2cedff20999df2af8eb42d56 -> 
  custom:framework-win-MediaFoundation: 216162199b28c13a410421893ffa2e32 -> 
  custom:container-demuxer-ogg: 62fdf1f143b41e24485cea50d1cbac27 -> 
  custom:video-decoder-webm-vp8: 9c59270c3fd7afecdb556c50c9e8de78 -> 
  custom:audio-decoder-ogg-vorbis: bf7c407c2cedff20999df2af8eb42d56 -> 
